[3.873s] DEBUG:colcon:Command line arguments: ['/usr/bin/colcon', 'build']
[3.873s] DEBUG:colcon:Parsed command line arguments: Namespace(log_base=None, log_level=None, verb_name='build', build_base='build', install_base='install', merge_install=False, symlink_install=False, test_result_base=None, continue_on_error=False, executor='parallel', parallel_workers=8, event_handlers=None, ignore_user_meta=False, metas=['./colcon.meta'], base_paths=['.'], packages_ignore=None, packages_ignore_regex=None, paths=None, packages_up_to=None, packages_up_to_regex=None, packages_above=None, packages_above_and_dependencies=None, packages_above_depth=None, packages_select_by_dep=None, packages_skip_by_dep=None, packages_skip_up_to=None, packages_select_build_failed=False, packages_skip_build_finished=False, packages_select_test_failures=False, packages_skip_test_passed=False, packages_select=None, packages_skip=None, packages_select_regex=None, packages_skip_regex=None, packages_start=None, packages_end=None, allow_overriding=[], cmake_args=None, cmake_target=None, cmake_target_skip_unavailable=False, cmake_clean_cache=False, cmake_clean_first=False, cmake_force_configure=False, ament_cmake_args=None, catkin_cmake_args=None, catkin_skip_building_tests=False, verb_parser=<colcon_defaults.argument_parser.defaults.DefaultArgumentsDecorator object at 0x7ff003896f20>, verb_extension=<colcon_core.verb.build.BuildVerb object at 0x7ff003895e40>, main=<bound method BuildVerb.main of <colcon_core.verb.build.BuildVerb object at 0x7ff003895e40>>)
[4.070s] Level 1:colcon.colcon_core.package_discovery:discover_packages(colcon_meta) check parameters
[4.071s] Level 1:colcon.colcon_core.package_discovery:discover_packages(recursive) check parameters
[4.071s] Level 1:colcon.colcon_core.package_discovery:discover_packages(ignore) check parameters
[4.071s] Level 1:colcon.colcon_core.package_discovery:discover_packages(path) check parameters
[4.071s] Level 1:colcon.colcon_core.package_discovery:discover_packages(colcon_meta) discover
[4.071s] Level 1:colcon.colcon_core.package_discovery:discover_packages(recursive) discover
[4.071s] INFO:colcon.colcon_core.package_discovery:Crawling recursively for packages in '/home/luky/mavros_ros2_ws/src/gz_pose_plugin'
[4.071s] Level 1:colcon.colcon_core.package_identification:_identify(.) by extensions ['ignore', 'ignore_ament_install']
[4.072s] Level 1:colcon.colcon_core.package_identification:_identify(.) by extension 'ignore'
[4.072s] Level 1:colcon.colcon_core.package_identification:_identify(.) by extension 'ignore_ament_install'
[4.072s] Level 1:colcon.colcon_core.package_identification:_identify(.) by extensions ['colcon_pkg']
[4.072s] Level 1:colcon.colcon_core.package_identification:_identify(.) by extension 'colcon_pkg'
[4.072s] Level 1:colcon.colcon_core.package_identification:_identify(.) by extensions ['colcon_meta']
[4.072s] Level 1:colcon.colcon_core.package_identification:_identify(.) by extension 'colcon_meta'
[4.072s] Level 1:colcon.colcon_core.package_identification:_identify(.) by extensions ['ros']
[4.073s] Level 1:colcon.colcon_core.package_identification:_identify(.) by extension 'ros'
[4.116s] Level 1:colcon.colcon_core.package_identification:_identify(.) by extensions ['cmake', 'python']
[4.117s] Level 1:colcon.colcon_core.package_identification:_identify(.) by extension 'cmake'
[4.121s] Level 1:colcon.colcon_core.package_identification:_identify(.) by extension 'python'
[4.121s] DEBUG:colcon.colcon_core.package_identification:Package '.' with type 'cmake' and name 'gz_pose_plugin'
[4.122s] Level 1:colcon.colcon_core.package_discovery:discover_packages(recursive) using defaults
[4.122s] Level 1:colcon.colcon_core.package_discovery:discover_packages(ignore) discover
[4.122s] Level 1:colcon.colcon_core.package_discovery:discover_packages(ignore) using defaults
[4.122s] Level 1:colcon.colcon_core.package_discovery:discover_packages(path) discover
[4.122s] Level 1:colcon.colcon_core.package_discovery:discover_packages(path) using defaults
[4.473s] Level 1:colcon.colcon_core.package_discovery:discover_packages(prefix_path) check parameters
[4.473s] Level 1:colcon.colcon_core.package_discovery:discover_packages(prefix_path) discover
[4.605s] DEBUG:colcon.colcon_installed_package_information.package_discovery:Found 9 installed packages in /home/luky/mavros_ros2_ws/install
[4.658s] DEBUG:colcon.colcon_installed_package_information.package_discovery:Found 1 installed packages in /home/luky/ros2_ws/install
[4.722s] DEBUG:colcon.colcon_installed_package_information.package_discovery:Found 300 installed packages in /opt/ros/humble
[4.726s] Level 1:colcon.colcon_core.package_discovery:discover_packages(prefix_path) using defaults
[5.056s] Level 5:colcon.colcon_core.verb:set package 'gz_pose_plugin' build argument 'cmake_args' from command line to 'None'
[5.057s] Level 5:colcon.colcon_core.verb:set package 'gz_pose_plugin' build argument 'cmake_target' from command line to 'None'
[5.057s] Level 5:colcon.colcon_core.verb:set package 'gz_pose_plugin' build argument 'cmake_target_skip_unavailable' from command line to 'False'
[5.057s] Level 5:colcon.colcon_core.verb:set package 'gz_pose_plugin' build argument 'cmake_clean_cache' from command line to 'False'
[5.057s] Level 5:colcon.colcon_core.verb:set package 'gz_pose_plugin' build argument 'cmake_clean_first' from command line to 'False'
[5.057s] Level 5:colcon.colcon_core.verb:set package 'gz_pose_plugin' build argument 'cmake_force_configure' from command line to 'False'
[5.057s] Level 5:colcon.colcon_core.verb:set package 'gz_pose_plugin' build argument 'ament_cmake_args' from command line to 'None'
[5.057s] Level 5:colcon.colcon_core.verb:set package 'gz_pose_plugin' build argument 'catkin_cmake_args' from command line to 'None'
[5.057s] Level 5:colcon.colcon_core.verb:set package 'gz_pose_plugin' build argument 'catkin_skip_building_tests' from command line to 'False'
[5.057s] DEBUG:colcon.colcon_core.verb:Building package 'gz_pose_plugin' with the following arguments: {'ament_cmake_args': None, 'build_base': '/home/luky/mavros_ros2_ws/src/gz_pose_plugin/build/gz_pose_plugin', 'catkin_cmake_args': None, 'catkin_skip_building_tests': False, 'cmake_args': None, 'cmake_clean_cache': False, 'cmake_clean_first': False, 'cmake_force_configure': False, 'cmake_target': None, 'cmake_target_skip_unavailable': False, 'install_base': '/home/luky/mavros_ros2_ws/src/gz_pose_plugin/install/gz_pose_plugin', 'merge_install': False, 'path': '/home/luky/mavros_ros2_ws/src/gz_pose_plugin', 'symlink_install': False, 'test_result_base': None}
[5.119s] INFO:colcon.colcon_core.executor:Executing jobs using 'parallel' executor
[5.182s] DEBUG:colcon.colcon_parallel_executor.executor.parallel:run_until_complete
[5.182s] INFO:colcon.colcon_cmake.task.cmake.build:Building CMake package in '/home/luky/mavros_ros2_ws/src/gz_pose_plugin'
[5.249s] INFO:colcon.colcon_core.plugin_system:Skipping extension 'colcon_core.shell.bat': Not used on non-Windows systems
[5.249s] INFO:colcon.colcon_core.shell:Skip shell extension 'powershell' for command environment: Not usable outside of PowerShell
[5.250s] DEBUG:colcon.colcon_core.shell:Skip shell extension 'dsv' for command environment
[5.527s] DEBUG:colcon.colcon_core.event_handler.log_command:Invoking command in '/home/luky/mavros_ros2_ws/src/gz_pose_plugin/build/gz_pose_plugin': /home/luky/.local/bin/cmake /home/luky/mavros_ros2_ws/src/gz_pose_plugin -DCMAKE_INSTALL_PREFIX=/home/luky/mavros_ros2_ws/src/gz_pose_plugin/install/gz_pose_plugin
[11.296s] DEBUG:colcon.colcon_core.event_handler.log_command:Invoked command in '/home/luky/mavros_ros2_ws/src/gz_pose_plugin/build/gz_pose_plugin' returned '1': /home/luky/.local/bin/cmake /home/luky/mavros_ros2_ws/src/gz_pose_plugin -DCMAKE_INSTALL_PREFIX=/home/luky/mavros_ros2_ws/src/gz_pose_plugin/install/gz_pose_plugin
[11.306s] DEBUG:colcon.colcon_parallel_executor.executor.parallel:closing loop
[11.307s] DEBUG:colcon.colcon_parallel_executor.executor.parallel:loop closed
[11.307s] DEBUG:colcon.colcon_parallel_executor.executor.parallel:run_until_complete finished with '1'
[11.307s] DEBUG:colcon.colcon_core.event_reactor:joining thread
[11.387s] INFO:colcon.colcon_core.plugin_system:Skipping extension 'colcon_notification.desktop_notification.terminal_notifier': Not used on non-Darwin systems
[11.388s] INFO:colcon.colcon_core.plugin_system:Skipping extension 'colcon_notification.desktop_notification.win32': Not used on non-Windows systems
[11.388s] INFO:colcon.colcon_notification.desktop_notification:Sending desktop notification using 'notify2'
[11.444s] DEBUG:colcon.colcon_core.event_reactor:joined thread
[11.509s] INFO:colcon.colcon_core.shell:Creating prefix script '/home/luky/mavros_ros2_ws/src/gz_pose_plugin/install/local_setup.ps1'
[11.512s] INFO:colcon.colcon_core.shell:Creating prefix util module '/home/luky/mavros_ros2_ws/src/gz_pose_plugin/install/_local_setup_util_ps1.py'
[11.516s] INFO:colcon.colcon_core.shell:Creating prefix chain script '/home/luky/mavros_ros2_ws/src/gz_pose_plugin/install/setup.ps1'
[11.580s] INFO:colcon.colcon_core.shell:Creating prefix script '/home/luky/mavros_ros2_ws/src/gz_pose_plugin/install/local_setup.sh'
[11.582s] INFO:colcon.colcon_core.shell:Creating prefix util module '/home/luky/mavros_ros2_ws/src/gz_pose_plugin/install/_local_setup_util_sh.py'
[11.584s] INFO:colcon.colcon_core.shell:Creating prefix chain script '/home/luky/mavros_ros2_ws/src/gz_pose_plugin/install/setup.sh'
[11.646s] INFO:colcon.colcon_core.shell:Creating prefix script '/home/luky/mavros_ros2_ws/src/gz_pose_plugin/install/local_setup.bash'
[11.648s] INFO:colcon.colcon_core.shell:Creating prefix chain script '/home/luky/mavros_ros2_ws/src/gz_pose_plugin/install/setup.bash'
[11.714s] INFO:colcon.colcon_core.shell:Creating prefix script '/home/luky/mavros_ros2_ws/src/gz_pose_plugin/install/local_setup.zsh'
[11.716s] INFO:colcon.colcon_core.shell:Creating prefix chain script '/home/luky/mavros_ros2_ws/src/gz_pose_plugin/install/setup.zsh'
