[0.139s] Invoking command in '/home/luky/mavros_ros2_ws/src/build/angle_calculator': CMAKE_PREFIX_PATH=${CMAKE_PREFIX_PATH}:/home/luky/ros2_ws/install/my_robot_controller:/opt/ros/humble /home/luky/.local/bin/cmake --build /home/luky/mavros_ros2_ws/src/build/angle_calculator -- -j8 -l8
[0.197s] [ 50%] [32mBuilding CXX object CMakeFiles/angle_calculator_node.dir/src/angle_calculator_node.cpp.o[0m
[6.673s] [100%] [32m[1mLinking CXX executable angle_calculator_node[0m
[7.069s] [100%] Built target angle_calculator_node
[7.076s] Invoked command in '/home/luky/mavros_ros2_ws/src/build/angle_calculator' returned '0': CMAKE_PREFIX_PATH=${CMAKE_PREFIX_PATH}:/home/luky/ros2_ws/install/my_robot_controller:/opt/ros/humble /home/luky/.local/bin/cmake --build /home/luky/mavros_ros2_ws/src/build/angle_calculator -- -j8 -l8
[7.162s] Invoking command in '/home/luky/mavros_ros2_ws/src/build/angle_calculator': CMAKE_PREFIX_PATH=${CMAKE_PREFIX_PATH}:/home/luky/ros2_ws/install/my_robot_controller:/opt/ros/humble /home/luky/.local/bin/cmake --install /home/luky/mavros_ros2_ws/src/build/angle_calculator
[7.196s] -- Install configuration: ""
[7.197s] -- Installing: /home/luky/mavros_ros2_ws/src/install/angle_calculator/lib/angle_calculator/angle_calculator_node
[7.200s] -- Set runtime path of "/home/luky/mavros_ros2_ws/src/install/angle_calculator/lib/angle_calculator/angle_calculator_node" to ""
[7.200s] -- Up-to-date: /home/luky/mavros_ros2_ws/src/install/angle_calculator/share/ament_index/resource_index/package_run_dependencies/angle_calculator
[7.200s] -- Up-to-date: /home/luky/mavros_ros2_ws/src/install/angle_calculator/share/ament_index/resource_index/parent_prefix_path/angle_calculator
[7.200s] -- Up-to-date: /home/luky/mavros_ros2_ws/src/install/angle_calculator/share/angle_calculator/environment/ament_prefix_path.sh
[7.200s] -- Up-to-date: /home/luky/mavros_ros2_ws/src/install/angle_calculator/share/angle_calculator/environment/ament_prefix_path.dsv
[7.200s] -- Up-to-date: /home/luky/mavros_ros2_ws/src/install/angle_calculator/share/angle_calculator/environment/path.sh
[7.200s] -- Up-to-date: /home/luky/mavros_ros2_ws/src/install/angle_calculator/share/angle_calculator/environment/path.dsv
[7.200s] -- Up-to-date: /home/luky/mavros_ros2_ws/src/install/angle_calculator/share/angle_calculator/local_setup.bash
[7.200s] -- Up-to-date: /home/luky/mavros_ros2_ws/src/install/angle_calculator/share/angle_calculator/local_setup.sh
[7.200s] -- Up-to-date: /home/luky/mavros_ros2_ws/src/install/angle_calculator/share/angle_calculator/local_setup.zsh
[7.200s] -- Up-to-date: /home/luky/mavros_ros2_ws/src/install/angle_calculator/share/angle_calculator/local_setup.dsv
[7.200s] -- Installing: /home/luky/mavros_ros2_ws/src/install/angle_calculator/share/angle_calculator/package.dsv
[7.200s] -- Up-to-date: /home/luky/mavros_ros2_ws/src/install/angle_calculator/share/ament_index/resource_index/packages/angle_calculator
[7.200s] -- Up-to-date: /home/luky/mavros_ros2_ws/src/install/angle_calculator/share/angle_calculator/cmake/angle_calculatorConfig.cmake
[7.200s] -- Up-to-date: /home/luky/mavros_ros2_ws/src/install/angle_calculator/share/angle_calculator/cmake/angle_calculatorConfig-version.cmake
[7.200s] -- Up-to-date: /home/luky/mavros_ros2_ws/src/install/angle_calculator/share/angle_calculator/package.xml
[7.205s] Invoked command in '/home/luky/mavros_ros2_ws/src/build/angle_calculator' returned '0': CMAKE_PREFIX_PATH=${CMAKE_PREFIX_PATH}:/home/luky/ros2_ws/install/my_robot_controller:/opt/ros/humble /home/luky/.local/bin/cmake --install /home/luky/mavros_ros2_ws/src/build/angle_calculator
