[1.363s] DEBUG:colcon:Command line arguments: ['/usr/bin/colcon', 'build', '--packages-select', 'angle_calculator']
[1.363s] DEBUG:colcon:Parsed command line arguments: Namespace(log_base=None, log_level=None, verb_name='build', build_base='build', install_base='install', merge_install=False, symlink_install=False, test_result_base=None, continue_on_error=False, executor='parallel', parallel_workers=8, event_handlers=None, ignore_user_meta=False, metas=['./colcon.meta'], base_paths=['.'], packages_ignore=None, packages_ignore_regex=None, paths=None, packages_up_to=None, packages_up_to_regex=None, packages_above=None, packages_above_and_dependencies=None, packages_above_depth=None, packages_select_by_dep=None, packages_skip_by_dep=None, packages_skip_up_to=None, packages_select_build_failed=False, packages_skip_build_finished=False, packages_select_test_failures=False, packages_skip_test_passed=False, packages_select=['angle_calculator'], packages_skip=None, packages_select_regex=None, packages_skip_regex=None, packages_start=None, packages_end=None, allow_overriding=[], cmake_args=None, cmake_target=None, cmake_target_skip_unavailable=False, cmake_clean_cache=False, cmake_clean_first=False, cmake_force_configure=False, ament_cmake_args=None, catkin_cmake_args=None, catkin_skip_building_tests=False, verb_parser=<colcon_defaults.argument_parser.defaults.DefaultArgumentsDecorator object at 0x7fcb0017f220>, verb_extension=<colcon_core.verb.build.BuildVerb object at 0x7fcb0017edd0>, main=<bound method BuildVerb.main of <colcon_core.verb.build.BuildVerb object at 0x7fcb0017edd0>>)
[1.440s] Level 1:colcon.colcon_core.package_discovery:discover_packages(colcon_meta) check parameters
[1.440s] Level 1:colcon.colcon_core.package_discovery:discover_packages(recursive) check parameters
[1.440s] Level 1:colcon.colcon_core.package_discovery:discover_packages(ignore) check parameters
[1.440s] Level 1:colcon.colcon_core.package_discovery:discover_packages(path) check parameters
[1.440s] Level 1:colcon.colcon_core.package_discovery:discover_packages(colcon_meta) discover
[1.440s] Level 1:colcon.colcon_core.package_discovery:discover_packages(recursive) discover
[1.441s] INFO:colcon.colcon_core.package_discovery:Crawling recursively for packages in '/home/luky/mavros_ros2_ws/src'
[1.441s] Level 1:colcon.colcon_core.package_identification:_identify(.) by extensions ['ignore', 'ignore_ament_install']
[1.441s] Level 1:colcon.colcon_core.package_identification:_identify(.) by extension 'ignore'
[1.441s] Level 1:colcon.colcon_core.package_identification:_identify(.) by extension 'ignore_ament_install'
[1.441s] Level 1:colcon.colcon_core.package_identification:_identify(.) by extensions ['colcon_pkg']
[1.441s] Level 1:colcon.colcon_core.package_identification:_identify(.) by extension 'colcon_pkg'
[1.441s] Level 1:colcon.colcon_core.package_identification:_identify(.) by extensions ['colcon_meta']
[1.442s] Level 1:colcon.colcon_core.package_identification:_identify(.) by extension 'colcon_meta'
[1.442s] Level 1:colcon.colcon_core.package_identification:_identify(.) by extensions ['ros']
[1.442s] Level 1:colcon.colcon_core.package_identification:_identify(.) by extension 'ros'
[1.457s] Level 1:colcon.colcon_core.package_identification:_identify(.) by extensions ['cmake', 'python']
[1.458s] Level 1:colcon.colcon_core.package_identification:_identify(.) by extension 'cmake'
[1.458s] Level 1:colcon.colcon_core.package_identification:_identify(.) by extension 'python'
[1.458s] Level 1:colcon.colcon_core.package_identification:_identify(.) by extensions ['python_setup_py']
[1.458s] Level 1:colcon.colcon_core.package_identification:_identify(.) by extension 'python_setup_py'
[1.458s] Level 1:colcon.colcon_core.package_identification:_identify(angle_calculator) by extensions ['ignore', 'ignore_ament_install']
[1.458s] Level 1:colcon.colcon_core.package_identification:_identify(angle_calculator) by extension 'ignore'
[1.458s] Level 1:colcon.colcon_core.package_identification:_identify(angle_calculator) by extension 'ignore_ament_install'
[1.458s] Level 1:colcon.colcon_core.package_identification:_identify(angle_calculator) by extensions ['colcon_pkg']
[1.458s] Level 1:colcon.colcon_core.package_identification:_identify(angle_calculator) by extension 'colcon_pkg'
[1.458s] Level 1:colcon.colcon_core.package_identification:_identify(angle_calculator) by extensions ['colcon_meta']
[1.458s] Level 1:colcon.colcon_core.package_identification:_identify(angle_calculator) by extension 'colcon_meta'
[1.458s] Level 1:colcon.colcon_core.package_identification:_identify(angle_calculator) by extensions ['ros']
[1.458s] Level 1:colcon.colcon_core.package_identification:_identify(angle_calculator) by extension 'ros'
[1.462s] DEBUG:colcon.colcon_core.package_identification:Package 'angle_calculator' with type 'ros.ament_cmake' and name 'angle_calculator'
[1.463s] Level 1:colcon.colcon_core.package_identification:_identify(build) by extensions ['ignore', 'ignore_ament_install']
[1.463s] Level 1:colcon.colcon_core.package_identification:_identify(build) by extension 'ignore'
[1.463s] Level 1:colcon.colcon_core.package_identification:_identify(build) ignored
[1.463s] Level 1:colcon.colcon_core.package_identification:_identify(controller_prototype) by extensions ['ignore', 'ignore_ament_install']
[1.463s] Level 1:colcon.colcon_core.package_identification:_identify(controller_prototype) by extension 'ignore'
[1.463s] Level 1:colcon.colcon_core.package_identification:_identify(controller_prototype) by extension 'ignore_ament_install'
[1.463s] Level 1:colcon.colcon_core.package_identification:_identify(controller_prototype) by extensions ['colcon_pkg']
[1.463s] Level 1:colcon.colcon_core.package_identification:_identify(controller_prototype) by extension 'colcon_pkg'
[1.463s] Level 1:colcon.colcon_core.package_identification:_identify(controller_prototype) by extensions ['colcon_meta']
[1.463s] Level 1:colcon.colcon_core.package_identification:_identify(controller_prototype) by extension 'colcon_meta'
[1.463s] Level 1:colcon.colcon_core.package_identification:_identify(controller_prototype) by extensions ['ros']
[1.463s] Level 1:colcon.colcon_core.package_identification:_identify(controller_prototype) by extension 'ros'
[1.465s] DEBUG:colcon.colcon_core.package_identification:Package 'controller_prototype' with type 'ros.ament_cmake' and name 'controller_prototype'
[1.465s] Level 1:colcon.colcon_core.package_identification:_identify(gps_converter) by extensions ['ignore', 'ignore_ament_install']
[1.465s] Level 1:colcon.colcon_core.package_identification:_identify(gps_converter) by extension 'ignore'
[1.465s] Level 1:colcon.colcon_core.package_identification:_identify(gps_converter) by extension 'ignore_ament_install'
[1.465s] Level 1:colcon.colcon_core.package_identification:_identify(gps_converter) by extensions ['colcon_pkg']
[1.465s] Level 1:colcon.colcon_core.package_identification:_identify(gps_converter) by extension 'colcon_pkg'
[1.465s] Level 1:colcon.colcon_core.package_identification:_identify(gps_converter) by extensions ['colcon_meta']
[1.465s] Level 1:colcon.colcon_core.package_identification:_identify(gps_converter) by extension 'colcon_meta'
[1.465s] Level 1:colcon.colcon_core.package_identification:_identify(gps_converter) by extensions ['ros']
[1.465s] Level 1:colcon.colcon_core.package_identification:_identify(gps_converter) by extension 'ros'
[1.466s] DEBUG:colcon.colcon_core.package_identification:Package 'gps_converter' with type 'ros.ament_cmake' and name 'gps_converter'
[1.467s] Level 1:colcon.colcon_core.package_identification:_identify(install) by extensions ['ignore', 'ignore_ament_install']
[1.467s] Level 1:colcon.colcon_core.package_identification:_identify(install) by extension 'ignore'
[1.467s] Level 1:colcon.colcon_core.package_identification:_identify(install) ignored
[1.467s] Level 1:colcon.colcon_core.package_identification:_identify(load_imu_subscriber) by extensions ['ignore', 'ignore_ament_install']
[1.467s] Level 1:colcon.colcon_core.package_identification:_identify(load_imu_subscriber) by extension 'ignore'
[1.467s] Level 1:colcon.colcon_core.package_identification:_identify(load_imu_subscriber) by extension 'ignore_ament_install'
[1.467s] Level 1:colcon.colcon_core.package_identification:_identify(load_imu_subscriber) by extensions ['colcon_pkg']
[1.467s] Level 1:colcon.colcon_core.package_identification:_identify(load_imu_subscriber) by extension 'colcon_pkg'
[1.468s] Level 1:colcon.colcon_core.package_identification:_identify(load_imu_subscriber) by extensions ['colcon_meta']
[1.468s] Level 1:colcon.colcon_core.package_identification:_identify(load_imu_subscriber) by extension 'colcon_meta'
[1.468s] Level 1:colcon.colcon_core.package_identification:_identify(load_imu_subscriber) by extensions ['ros']
[1.468s] Level 1:colcon.colcon_core.package_identification:_identify(load_imu_subscriber) by extension 'ros'
[1.468s] DEBUG:colcon.colcon_core.package_identification:Package 'load_imu_subscriber' with type 'ros.ament_cmake' and name 'load_imu_subscriber'
[1.469s] Level 1:colcon.colcon_core.package_identification:_identify(log) by extensions ['ignore', 'ignore_ament_install']
[1.469s] Level 1:colcon.colcon_core.package_identification:_identify(log) by extension 'ignore'
[1.469s] Level 1:colcon.colcon_core.package_identification:_identify(log) ignored
[1.469s] Level 1:colcon.colcon_core.package_identification:_identify(mavros) by extensions ['ignore', 'ignore_ament_install']
[1.469s] Level 1:colcon.colcon_core.package_identification:_identify(mavros) by extension 'ignore'
[1.469s] Level 1:colcon.colcon_core.package_identification:_identify(mavros) by extension 'ignore_ament_install'
[1.469s] Level 1:colcon.colcon_core.package_identification:_identify(mavros) by extensions ['colcon_pkg']
[1.469s] Level 1:colcon.colcon_core.package_identification:_identify(mavros) by extension 'colcon_pkg'
[1.469s] Level 1:colcon.colcon_core.package_identification:_identify(mavros) by extensions ['colcon_meta']
[1.469s] Level 1:colcon.colcon_core.package_identification:_identify(mavros) by extension 'colcon_meta'
[1.470s] Level 1:colcon.colcon_core.package_identification:_identify(mavros) by extensions ['ros']
[1.470s] Level 1:colcon.colcon_core.package_identification:_identify(mavros) by extension 'ros'
[1.470s] Level 1:colcon.colcon_core.package_identification:_identify(mavros) by extensions ['cmake', 'python']
[1.470s] Level 1:colcon.colcon_core.package_identification:_identify(mavros) by extension 'cmake'
[1.470s] Level 1:colcon.colcon_core.package_identification:_identify(mavros) by extension 'python'
[1.470s] Level 1:colcon.colcon_core.package_identification:_identify(mavros) by extensions ['python_setup_py']
[1.470s] Level 1:colcon.colcon_core.package_identification:_identify(mavros) by extension 'python_setup_py'
[1.470s] Level 1:colcon.colcon_core.package_identification:_identify(mavros/libmavconn) by extensions ['ignore', 'ignore_ament_install']
[1.470s] Level 1:colcon.colcon_core.package_identification:_identify(mavros/libmavconn) by extension 'ignore'
[1.470s] Level 1:colcon.colcon_core.package_identification:_identify(mavros/libmavconn) by extension 'ignore_ament_install'
[1.470s] Level 1:colcon.colcon_core.package_identification:_identify(mavros/libmavconn) by extensions ['colcon_pkg']
[1.470s] Level 1:colcon.colcon_core.package_identification:_identify(mavros/libmavconn) by extension 'colcon_pkg'
[1.470s] Level 1:colcon.colcon_core.package_identification:_identify(mavros/libmavconn) by extensions ['colcon_meta']
[1.470s] Level 1:colcon.colcon_core.package_identification:_identify(mavros/libmavconn) by extension 'colcon_meta'
[1.470s] Level 1:colcon.colcon_core.package_identification:_identify(mavros/libmavconn) by extensions ['ros']
[1.470s] Level 1:colcon.colcon_core.package_identification:_identify(mavros/libmavconn) by extension 'ros'
[1.471s] DEBUG:colcon.colcon_core.package_identification:Package 'mavros/libmavconn' with type 'ros.ament_cmake' and name 'libmavconn'
[1.471s] Level 1:colcon.colcon_core.package_identification:_identify(mavros/mavros) by extensions ['ignore', 'ignore_ament_install']
[1.472s] Level 1:colcon.colcon_core.package_identification:_identify(mavros/mavros) by extension 'ignore'
[1.472s] Level 1:colcon.colcon_core.package_identification:_identify(mavros/mavros) by extension 'ignore_ament_install'
[1.472s] Level 1:colcon.colcon_core.package_identification:_identify(mavros/mavros) by extensions ['colcon_pkg']
[1.472s] Level 1:colcon.colcon_core.package_identification:_identify(mavros/mavros) by extension 'colcon_pkg'
[1.472s] Level 1:colcon.colcon_core.package_identification:_identify(mavros/mavros) by extensions ['colcon_meta']
[1.472s] Level 1:colcon.colcon_core.package_identification:_identify(mavros/mavros) by extension 'colcon_meta'
[1.472s] Level 1:colcon.colcon_core.package_identification:_identify(mavros/mavros) by extensions ['ros']
[1.472s] Level 1:colcon.colcon_core.package_identification:_identify(mavros/mavros) by extension 'ros'
[1.475s] DEBUG:colcon.colcon_core.package_identification:Package 'mavros/mavros' with type 'ros.ament_cmake' and name 'mavros'
[1.475s] Level 1:colcon.colcon_core.package_identification:_identify(mavros/mavros_extras) by extensions ['ignore', 'ignore_ament_install']
[1.475s] Level 1:colcon.colcon_core.package_identification:_identify(mavros/mavros_extras) by extension 'ignore'
[1.475s] Level 1:colcon.colcon_core.package_identification:_identify(mavros/mavros_extras) by extension 'ignore_ament_install'
[1.475s] Level 1:colcon.colcon_core.package_identification:_identify(mavros/mavros_extras) by extensions ['colcon_pkg']
[1.475s] Level 1:colcon.colcon_core.package_identification:_identify(mavros/mavros_extras) by extension 'colcon_pkg'
[1.476s] Level 1:colcon.colcon_core.package_identification:_identify(mavros/mavros_extras) by extensions ['colcon_meta']
[1.476s] Level 1:colcon.colcon_core.package_identification:_identify(mavros/mavros_extras) by extension 'colcon_meta'
[1.476s] Level 1:colcon.colcon_core.package_identification:_identify(mavros/mavros_extras) by extensions ['ros']
[1.476s] Level 1:colcon.colcon_core.package_identification:_identify(mavros/mavros_extras) by extension 'ros'
[1.479s] DEBUG:colcon.colcon_core.package_identification:Package 'mavros/mavros_extras' with type 'ros.ament_cmake' and name 'mavros_extras'
[1.479s] Level 1:colcon.colcon_core.package_identification:_identify(mavros/mavros_msgs) by extensions ['ignore', 'ignore_ament_install']
[1.479s] Level 1:colcon.colcon_core.package_identification:_identify(mavros/mavros_msgs) by extension 'ignore'
[1.479s] Level 1:colcon.colcon_core.package_identification:_identify(mavros/mavros_msgs) by extension 'ignore_ament_install'
[1.479s] Level 1:colcon.colcon_core.package_identification:_identify(mavros/mavros_msgs) by extensions ['colcon_pkg']
[1.479s] Level 1:colcon.colcon_core.package_identification:_identify(mavros/mavros_msgs) by extension 'colcon_pkg'
[1.479s] Level 1:colcon.colcon_core.package_identification:_identify(mavros/mavros_msgs) by extensions ['colcon_meta']
[1.479s] Level 1:colcon.colcon_core.package_identification:_identify(mavros/mavros_msgs) by extension 'colcon_meta'
[1.479s] Level 1:colcon.colcon_core.package_identification:_identify(mavros/mavros_msgs) by extensions ['ros']
[1.479s] Level 1:colcon.colcon_core.package_identification:_identify(mavros/mavros_msgs) by extension 'ros'
[1.480s] DEBUG:colcon.colcon_core.package_identification:Package 'mavros/mavros_msgs' with type 'ros.ament_cmake' and name 'mavros_msgs'
[1.480s] Level 1:colcon.colcon_core.package_identification:_identify(mavros/test_mavros) by extensions ['ignore', 'ignore_ament_install']
[1.481s] Level 1:colcon.colcon_core.package_identification:_identify(mavros/test_mavros) by extension 'ignore'
[1.481s] Level 1:colcon.colcon_core.package_identification:_identify(mavros/test_mavros) ignored
[1.481s] Level 1:colcon.colcon_core.package_identification:_identify(move_forward) by extensions ['ignore', 'ignore_ament_install']
[1.481s] Level 1:colcon.colcon_core.package_identification:_identify(move_forward) by extension 'ignore'
[1.481s] Level 1:colcon.colcon_core.package_identification:_identify(move_forward) by extension 'ignore_ament_install'
[1.481s] Level 1:colcon.colcon_core.package_identification:_identify(move_forward) by extensions ['colcon_pkg']
[1.481s] Level 1:colcon.colcon_core.package_identification:_identify(move_forward) by extension 'colcon_pkg'
[1.481s] Level 1:colcon.colcon_core.package_identification:_identify(move_forward) by extensions ['colcon_meta']
[1.481s] Level 1:colcon.colcon_core.package_identification:_identify(move_forward) by extension 'colcon_meta'
[1.481s] Level 1:colcon.colcon_core.package_identification:_identify(move_forward) by extensions ['ros']
[1.481s] Level 1:colcon.colcon_core.package_identification:_identify(move_forward) by extension 'ros'
[1.482s] DEBUG:colcon.colcon_core.package_identification:Package 'move_forward' with type 'ros.ament_cmake' and name 'move_forward'
[1.482s] Level 1:colcon.colcon_core.package_identification:_identify(pid_prototype) by extensions ['ignore', 'ignore_ament_install']
[1.482s] Level 1:colcon.colcon_core.package_identification:_identify(pid_prototype) by extension 'ignore'
[1.482s] Level 1:colcon.colcon_core.package_identification:_identify(pid_prototype) by extension 'ignore_ament_install'
[1.482s] Level 1:colcon.colcon_core.package_identification:_identify(pid_prototype) by extensions ['colcon_pkg']
[1.482s] Level 1:colcon.colcon_core.package_identification:_identify(pid_prototype) by extension 'colcon_pkg'
[1.482s] Level 1:colcon.colcon_core.package_identification:_identify(pid_prototype) by extensions ['colcon_meta']
[1.482s] Level 1:colcon.colcon_core.package_identification:_identify(pid_prototype) by extension 'colcon_meta'
[1.483s] Level 1:colcon.colcon_core.package_identification:_identify(pid_prototype) by extensions ['ros']
[1.483s] Level 1:colcon.colcon_core.package_identification:_identify(pid_prototype) by extension 'ros'
[1.483s] DEBUG:colcon.colcon_core.package_identification:Package 'pid_prototype' with type 'ros.ament_cmake' and name 'pid_prototype'
[1.483s] Level 1:colcon.colcon_core.package_identification:_identify(px4_msgs) by extensions ['ignore', 'ignore_ament_install']
[1.483s] Level 1:colcon.colcon_core.package_identification:_identify(px4_msgs) by extension 'ignore'
[1.484s] Level 1:colcon.colcon_core.package_identification:_identify(px4_msgs) by extension 'ignore_ament_install'
[1.484s] Level 1:colcon.colcon_core.package_identification:_identify(px4_msgs) by extensions ['colcon_pkg']
[1.484s] Level 1:colcon.colcon_core.package_identification:_identify(px4_msgs) by extension 'colcon_pkg'
[1.484s] Level 1:colcon.colcon_core.package_identification:_identify(px4_msgs) by extensions ['colcon_meta']
[1.484s] Level 1:colcon.colcon_core.package_identification:_identify(px4_msgs) by extension 'colcon_meta'
[1.484s] Level 1:colcon.colcon_core.package_identification:_identify(px4_msgs) by extensions ['ros']
[1.484s] Level 1:colcon.colcon_core.package_identification:_identify(px4_msgs) by extension 'ros'
[1.485s] DEBUG:colcon.colcon_core.package_identification:Package 'px4_msgs' with type 'ros.ament_cmake' and name 'px4_msgs'
[1.485s] Level 1:colcon.colcon_core.package_discovery:discover_packages(recursive) using defaults
[1.485s] Level 1:colcon.colcon_core.package_discovery:discover_packages(ignore) discover
[1.485s] Level 1:colcon.colcon_core.package_discovery:discover_packages(ignore) using defaults
[1.485s] Level 1:colcon.colcon_core.package_discovery:discover_packages(path) discover
[1.485s] Level 1:colcon.colcon_core.package_discovery:discover_packages(path) using defaults
[1.571s] INFO:colcon.colcon_core.package_selection:Skipping not selected package 'controller_prototype' in 'controller_prototype'
[1.571s] INFO:colcon.colcon_core.package_selection:Skipping not selected package 'gps_converter' in 'gps_converter'
[1.571s] INFO:colcon.colcon_core.package_selection:Skipping not selected package 'libmavconn' in 'mavros/libmavconn'
[1.571s] INFO:colcon.colcon_core.package_selection:Skipping not selected package 'load_imu_subscriber' in 'load_imu_subscriber'
[1.571s] INFO:colcon.colcon_core.package_selection:Skipping not selected package 'mavros_msgs' in 'mavros/mavros_msgs'
[1.571s] INFO:colcon.colcon_core.package_selection:Skipping not selected package 'pid_prototype' in 'pid_prototype'
[1.571s] INFO:colcon.colcon_core.package_selection:Skipping not selected package 'px4_msgs' in 'px4_msgs'
[1.571s] INFO:colcon.colcon_core.package_selection:Skipping not selected package 'mavros' in 'mavros/mavros'
[1.571s] INFO:colcon.colcon_core.package_selection:Skipping not selected package 'move_forward' in 'move_forward'
[1.571s] INFO:colcon.colcon_core.package_selection:Skipping not selected package 'mavros_extras' in 'mavros/mavros_extras'
[1.614s] Level 1:colcon.colcon_core.package_discovery:discover_packages(prefix_path) check parameters
[1.614s] Level 1:colcon.colcon_core.package_discovery:discover_packages(prefix_path) discover
[1.661s] DEBUG:colcon.colcon_installed_package_information.package_discovery:Found 11 installed packages in /home/luky/mavros_ros2_ws/install
[1.683s] DEBUG:colcon.colcon_installed_package_information.package_discovery:Found 1 installed packages in /home/luky/ros2_ws/install
[1.708s] DEBUG:colcon.colcon_installed_package_information.package_discovery:Found 300 installed packages in /opt/ros/humble
[1.710s] Level 1:colcon.colcon_core.package_discovery:discover_packages(prefix_path) using defaults
[1.842s] Level 5:colcon.colcon_core.verb:set package 'angle_calculator' build argument 'cmake_args' from command line to 'None'
[1.842s] Level 5:colcon.colcon_core.verb:set package 'angle_calculator' build argument 'cmake_target' from command line to 'None'
[1.842s] Level 5:colcon.colcon_core.verb:set package 'angle_calculator' build argument 'cmake_target_skip_unavailable' from command line to 'False'
[1.842s] Level 5:colcon.colcon_core.verb:set package 'angle_calculator' build argument 'cmake_clean_cache' from command line to 'False'
[1.842s] Level 5:colcon.colcon_core.verb:set package 'angle_calculator' build argument 'cmake_clean_first' from command line to 'False'
[1.842s] Level 5:colcon.colcon_core.verb:set package 'angle_calculator' build argument 'cmake_force_configure' from command line to 'False'
[1.842s] Level 5:colcon.colcon_core.verb:set package 'angle_calculator' build argument 'ament_cmake_args' from command line to 'None'
[1.842s] Level 5:colcon.colcon_core.verb:set package 'angle_calculator' build argument 'catkin_cmake_args' from command line to 'None'
[1.842s] Level 5:colcon.colcon_core.verb:set package 'angle_calculator' build argument 'catkin_skip_building_tests' from command line to 'False'
[1.842s] DEBUG:colcon.colcon_core.verb:Building package 'angle_calculator' with the following arguments: {'ament_cmake_args': None, 'build_base': '/home/luky/mavros_ros2_ws/src/build/angle_calculator', 'catkin_cmake_args': None, 'catkin_skip_building_tests': False, 'cmake_args': None, 'cmake_clean_cache': False, 'cmake_clean_first': False, 'cmake_force_configure': False, 'cmake_target': None, 'cmake_target_skip_unavailable': False, 'install_base': '/home/luky/mavros_ros2_ws/src/install/angle_calculator', 'merge_install': False, 'path': '/home/luky/mavros_ros2_ws/src/angle_calculator', 'symlink_install': False, 'test_result_base': None}
[1.870s] INFO:colcon.colcon_core.executor:Executing jobs using 'parallel' executor
[1.902s] DEBUG:colcon.colcon_parallel_executor.executor.parallel:run_until_complete
[1.902s] INFO:colcon.colcon_ros.task.ament_cmake.build:Building ROS package in '/home/luky/mavros_ros2_ws/src/angle_calculator' with build type 'ament_cmake'
[1.903s] INFO:colcon.colcon_cmake.task.cmake.build:Building CMake package in '/home/luky/mavros_ros2_ws/src/angle_calculator'
[1.931s] INFO:colcon.colcon_core.plugin_system:Skipping extension 'colcon_core.shell.bat': Not used on non-Windows systems
[1.931s] INFO:colcon.colcon_core.shell:Skip shell extension 'powershell' for command environment: Not usable outside of PowerShell
[1.931s] DEBUG:colcon.colcon_core.shell:Skip shell extension 'dsv' for command environment
[2.045s] DEBUG:colcon.colcon_core.event_handler.log_command:Invoking command in '/home/luky/mavros_ros2_ws/src/build/angle_calculator': CMAKE_PREFIX_PATH=${CMAKE_PREFIX_PATH}:/home/luky/ros2_ws/install/my_robot_controller:/opt/ros/humble /home/luky/.local/bin/cmake --build /home/luky/mavros_ros2_ws/src/build/angle_calculator -- -j8 -l8
[12.665s] DEBUG:colcon.colcon_core.event_handler.log_command:Invoked command in '/home/luky/mavros_ros2_ws/src/build/angle_calculator' returned '0': CMAKE_PREFIX_PATH=${CMAKE_PREFIX_PATH}:/home/luky/ros2_ws/install/my_robot_controller:/opt/ros/humble /home/luky/.local/bin/cmake --build /home/luky/mavros_ros2_ws/src/build/angle_calculator -- -j8 -l8
[12.776s] DEBUG:colcon.colcon_core.event_handler.log_command:Invoking command in '/home/luky/mavros_ros2_ws/src/build/angle_calculator': CMAKE_PREFIX_PATH=${CMAKE_PREFIX_PATH}:/home/luky/ros2_ws/install/my_robot_controller:/opt/ros/humble /home/luky/.local/bin/cmake --install /home/luky/mavros_ros2_ws/src/build/angle_calculator
[12.827s] Level 1:colcon.colcon_core.environment:create_environment_scripts_only(angle_calculator)
[12.828s] DEBUG:colcon.colcon_core.event_handler.log_command:Invoked command in '/home/luky/mavros_ros2_ws/src/build/angle_calculator' returned '0': CMAKE_PREFIX_PATH=${CMAKE_PREFIX_PATH}:/home/luky/ros2_ws/install/my_robot_controller:/opt/ros/humble /home/luky/.local/bin/cmake --install /home/luky/mavros_ros2_ws/src/build/angle_calculator
[12.853s] Level 1:colcon.colcon_core.environment:checking '/home/luky/mavros_ros2_ws/src/install/angle_calculator' for CMake module files
[12.854s] Level 1:colcon.colcon_core.environment:checking '/home/luky/mavros_ros2_ws/src/install/angle_calculator' for CMake config files
[12.854s] Level 1:colcon.colcon_core.shell:create_environment_hook('angle_calculator', 'cmake_prefix_path')
[12.875s] INFO:colcon.colcon_core.shell:Creating environment hook '/home/luky/mavros_ros2_ws/src/install/angle_calculator/share/angle_calculator/hook/cmake_prefix_path.ps1'
[12.875s] INFO:colcon.colcon_core.shell:Creating environment descriptor '/home/luky/mavros_ros2_ws/src/install/angle_calculator/share/angle_calculator/hook/cmake_prefix_path.dsv'
[12.876s] INFO:colcon.colcon_core.shell:Creating environment hook '/home/luky/mavros_ros2_ws/src/install/angle_calculator/share/angle_calculator/hook/cmake_prefix_path.sh'
[12.877s] Level 1:colcon.colcon_core.environment:checking '/home/luky/mavros_ros2_ws/src/install/angle_calculator/lib'
[12.877s] Level 1:colcon.colcon_core.environment:checking '/home/luky/mavros_ros2_ws/src/install/angle_calculator/bin'
[12.877s] Level 1:colcon.colcon_core.environment:checking '/home/luky/mavros_ros2_ws/src/install/angle_calculator/lib/pkgconfig/angle_calculator.pc'
[12.878s] Level 1:colcon.colcon_core.environment:checking '/home/luky/mavros_ros2_ws/src/install/angle_calculator/lib/python3.10/site-packages'
[12.878s] Level 1:colcon.colcon_core.environment:checking '/home/luky/mavros_ros2_ws/src/install/angle_calculator/bin'
[12.903s] INFO:colcon.colcon_core.shell:Creating package script '/home/luky/mavros_ros2_ws/src/install/angle_calculator/share/angle_calculator/package.ps1'
[12.905s] INFO:colcon.colcon_core.shell:Creating package descriptor '/home/luky/mavros_ros2_ws/src/install/angle_calculator/share/angle_calculator/package.dsv'
[12.906s] INFO:colcon.colcon_core.shell:Creating package script '/home/luky/mavros_ros2_ws/src/install/angle_calculator/share/angle_calculator/package.sh'
[12.907s] INFO:colcon.colcon_core.shell:Creating package script '/home/luky/mavros_ros2_ws/src/install/angle_calculator/share/angle_calculator/package.bash'
[12.907s] INFO:colcon.colcon_core.shell:Creating package script '/home/luky/mavros_ros2_ws/src/install/angle_calculator/share/angle_calculator/package.zsh'
[12.908s] Level 1:colcon.colcon_core.environment:create_file_with_runtime_dependencies(/home/luky/mavros_ros2_ws/src/install/angle_calculator/share/colcon-core/packages/angle_calculator)
[12.987s] Level 1:colcon.colcon_core.environment:create_environment_scripts_only(angle_calculator)
[13.010s] Level 1:colcon.colcon_core.environment:checking '/home/luky/mavros_ros2_ws/src/install/angle_calculator' for CMake module files
[13.011s] Level 1:colcon.colcon_core.environment:checking '/home/luky/mavros_ros2_ws/src/install/angle_calculator' for CMake config files
[13.011s] Level 1:colcon.colcon_core.shell:create_environment_hook('angle_calculator', 'cmake_prefix_path')
[13.033s] INFO:colcon.colcon_core.shell:Creating environment hook '/home/luky/mavros_ros2_ws/src/install/angle_calculator/share/angle_calculator/hook/cmake_prefix_path.ps1'
[13.033s] INFO:colcon.colcon_core.shell:Creating environment descriptor '/home/luky/mavros_ros2_ws/src/install/angle_calculator/share/angle_calculator/hook/cmake_prefix_path.dsv'
[13.034s] INFO:colcon.colcon_core.shell:Creating environment hook '/home/luky/mavros_ros2_ws/src/install/angle_calculator/share/angle_calculator/hook/cmake_prefix_path.sh'
[13.034s] Level 1:colcon.colcon_core.environment:checking '/home/luky/mavros_ros2_ws/src/install/angle_calculator/lib'
[13.034s] Level 1:colcon.colcon_core.environment:checking '/home/luky/mavros_ros2_ws/src/install/angle_calculator/bin'
[13.034s] Level 1:colcon.colcon_core.environment:checking '/home/luky/mavros_ros2_ws/src/install/angle_calculator/lib/pkgconfig/angle_calculator.pc'
[13.034s] Level 1:colcon.colcon_core.environment:checking '/home/luky/mavros_ros2_ws/src/install/angle_calculator/lib/python3.10/site-packages'
[13.034s] Level 1:colcon.colcon_core.environment:checking '/home/luky/mavros_ros2_ws/src/install/angle_calculator/bin'
[13.058s] INFO:colcon.colcon_core.shell:Creating package script '/home/luky/mavros_ros2_ws/src/install/angle_calculator/share/angle_calculator/package.ps1'
[13.060s] INFO:colcon.colcon_core.shell:Creating package descriptor '/home/luky/mavros_ros2_ws/src/install/angle_calculator/share/angle_calculator/package.dsv'
[13.061s] INFO:colcon.colcon_core.shell:Creating package script '/home/luky/mavros_ros2_ws/src/install/angle_calculator/share/angle_calculator/package.sh'
[13.061s] INFO:colcon.colcon_core.shell:Creating package script '/home/luky/mavros_ros2_ws/src/install/angle_calculator/share/angle_calculator/package.bash'
[13.061s] INFO:colcon.colcon_core.shell:Creating package script '/home/luky/mavros_ros2_ws/src/install/angle_calculator/share/angle_calculator/package.zsh'
[13.062s] Level 1:colcon.colcon_core.environment:create_file_with_runtime_dependencies(/home/luky/mavros_ros2_ws/src/install/angle_calculator/share/colcon-core/packages/angle_calculator)
[13.062s] DEBUG:colcon.colcon_parallel_executor.executor.parallel:closing loop
[13.062s] DEBUG:colcon.colcon_parallel_executor.executor.parallel:loop closed
[13.062s] DEBUG:colcon.colcon_parallel_executor.executor.parallel:run_until_complete finished with '0'
[13.063s] DEBUG:colcon.colcon_core.event_reactor:joining thread
[13.099s] INFO:colcon.colcon_core.plugin_system:Skipping extension 'colcon_notification.desktop_notification.terminal_notifier': Not used on non-Darwin systems
[13.099s] INFO:colcon.colcon_core.plugin_system:Skipping extension 'colcon_notification.desktop_notification.win32': Not used on non-Windows systems
[13.099s] INFO:colcon.colcon_notification.desktop_notification:Sending desktop notification using 'notify2'
[13.114s] DEBUG:colcon.colcon_core.event_reactor:joined thread
[13.137s] INFO:colcon.colcon_core.shell:Creating prefix script '/home/luky/mavros_ros2_ws/src/install/local_setup.ps1'
[13.138s] INFO:colcon.colcon_core.shell:Creating prefix util module '/home/luky/mavros_ros2_ws/src/install/_local_setup_util_ps1.py'
[13.139s] INFO:colcon.colcon_core.shell:Creating prefix chain script '/home/luky/mavros_ros2_ws/src/install/setup.ps1'
[13.166s] INFO:colcon.colcon_core.shell:Creating prefix script '/home/luky/mavros_ros2_ws/src/install/local_setup.sh'
[13.167s] INFO:colcon.colcon_core.shell:Creating prefix util module '/home/luky/mavros_ros2_ws/src/install/_local_setup_util_sh.py'
[13.168s] INFO:colcon.colcon_core.shell:Creating prefix chain script '/home/luky/mavros_ros2_ws/src/install/setup.sh'
[13.192s] INFO:colcon.colcon_core.shell:Creating prefix script '/home/luky/mavros_ros2_ws/src/install/local_setup.bash'
[13.193s] INFO:colcon.colcon_core.shell:Creating prefix chain script '/home/luky/mavros_ros2_ws/src/install/setup.bash'
[13.219s] INFO:colcon.colcon_core.shell:Creating prefix script '/home/luky/mavros_ros2_ws/src/install/local_setup.zsh'
[13.219s] INFO:colcon.colcon_core.shell:Creating prefix chain script '/home/luky/mavros_ros2_ws/src/install/setup.zsh'
