[0.029s] Invoking command in '/home/luky/mavros_ros2_ws/src/build/libmavconn': CMAKE_PREFIX_PATH=${CMAKE_PREFIX_PATH}:/home/luky/ros2_ws/install/my_robot_controller:/opt/ros/humble /home/luky/.local/bin/cmake /home/luky/mavros_ros2_ws/src/mavros/libmavconn -DCMAKE_INSTALL_PREFIX=/home/luky/mavros_ros2_ws/src/install/libmavconn
[0.086s] -- The C compiler identification is GNU 11.4.0
[0.137s] -- The CXX compiler identification is GNU 11.4.0
[0.147s] -- Detecting C compiler ABI info
[0.198s] -- Detecting C compiler ABI info - done
[0.206s] -- Check for working C compiler: /usr/bin/cc - skipped
[0.207s] -- Detecting C compile features
[0.207s] -- Detecting C compile features - done
[0.210s] -- Detecting CXX compiler ABI info
[0.260s] -- Detecting CXX compiler ABI info - done
[0.269s] -- Check for working CXX compiler: /usr/bin/c++ - skipped
[0.269s] -- Detecting CXX compile features
[0.270s] -- Detecting CXX compile features - done
[0.272s] -- Found ament_cmake: 1.3.5 (/opt/ros/humble/share/ament_cmake/cmake)
[0.868s] -- Found Python3: /usr/bin/python3.10 (found version "3.10.12") found components: Interpreter 
[0.949s] -- Found ASIO: /usr/include  
[1.032s] -- Copy mavlink_dialect.hpp to source tree
[1.033s] -- Found ament_cmake_gtest: 1.3.5 (/opt/ros/humble/share/ament_cmake_gtest/cmake)
[1.035s] -- Found ament_lint_auto: 0.12.7 (/opt/ros/humble/share/ament_lint_auto/cmake)
[1.096s] -- Found gtest sources under '/opt/ros/humble/src/gtest_vendor': C++ tests using 'Google Test' will be built
[1.098s] -- Performing Test CMAKE_HAVE_LIBC_PTHREAD
[1.157s] -- Performing Test CMAKE_HAVE_LIBC_PTHREAD - Success
[1.159s] -- Found Threads: TRUE  
[1.166s] -- Added test 'cppcheck' to perform static code analysis on C / C++ code
[1.166s] -- Configured cppcheck include dirs: /home/luky/mavros_ros2_ws/src/mavros/libmavconn/include
[1.166s] -- Configured cppcheck exclude dirs and/or files: 
[1.168s] -- Added test 'cpplint' to check C / C++ code against the Google style
[1.168s] -- Configured cpplint exclude dirs and/or files: 
[1.169s] -- Added test 'lint_cmake' to check CMake code style
[1.171s] -- Added test 'uncrustify' to check C / C++ code style
[1.171s] -- Configured uncrustify additional arguments: 
[1.172s] -- Added test 'xmllint' to check XML markup files
[1.175s] -- Configuring done (1.1s)
[1.186s] -- Generating done (0.0s)
[1.188s] -- Build files have been written to: /home/luky/mavros_ros2_ws/src/build/libmavconn
[1.198s] Invoked command in '/home/luky/mavros_ros2_ws/src/build/libmavconn' returned '0': CMAKE_PREFIX_PATH=${CMAKE_PREFIX_PATH}:/home/luky/ros2_ws/install/my_robot_controller:/opt/ros/humble /home/luky/.local/bin/cmake /home/luky/mavros_ros2_ws/src/mavros/libmavconn -DCMAKE_INSTALL_PREFIX=/home/luky/mavros_ros2_ws/src/install/libmavconn
[1.199s] Invoking command in '/home/luky/mavros_ros2_ws/src/build/libmavconn': CMAKE_PREFIX_PATH=${CMAKE_PREFIX_PATH}:/home/luky/ros2_ws/install/my_robot_controller:/opt/ros/humble /home/luky/.local/bin/cmake --build /home/luky/mavros_ros2_ws/src/build/libmavconn -- -j8 -l8
[1.239s] [  8%] [32mBuilding CXX object CMakeFiles/mavconn.dir/generated/src/mavlink_helpers.cpp.o[0m
[1.239s] [ 16%] [32mBuilding CXX object gtest/CMakeFiles/gtest_main.dir/src/gtest_main.cc.o[0m
[1.239s] [ 25%] [32mBuilding CXX object CMakeFiles/mavconn.dir/src/serial.cpp.o[0m
[1.239s] [ 33%] [32mBuilding CXX object CMakeFiles/mavconn.dir/src/interface.cpp.o[0m
[1.241s] [ 50%] [32mBuilding CXX object CMakeFiles/mavconn.dir/src/tcp.cpp.o[0m
[1.241s] [ 50%] [32mBuilding CXX object gtest/CMakeFiles/gtest.dir/src/gtest-all.cc.o[0m
[1.242s] [ 58%] [32mBuilding CXX object CMakeFiles/mavconn.dir/src/udp.cpp.o[0m
[2.874s] [ 66%] [32m[1mLinking CXX static library libgtest_main.a[0m
[2.891s] [ 66%] Built target gtest_main
[5.800s] [ 75%] [32m[1mLinking CXX static library libgtest.a[0m
[5.837s] [ 75%] Built target gtest
[6.964s] [ 83%] [32m[1mLinking CXX shared library libmavconn.so[0m
[7.098s] [ 83%] Built target mavconn
[7.104s] [ 91%] [32mBuilding CXX object CMakeFiles/test_mavconn.dir/test/test_mavconn.cpp.o[0m
[10.135s] [100%] [32m[1mLinking CXX executable test_mavconn[0m
[10.236s] [100%] Built target test_mavconn
