[0.311s] Invoking command in '/home/luky/mavros_ros2_ws/src/gz_pose_plugin/build/gz_pose_plugin': /home/luky/.local/bin/cmake /home/luky/mavros_ros2_ws/src/gz_pose_plugin -DCMAKE_INSTALL_PREFIX=/home/luky/mavros_ros2_ws/src/gz_pose_plugin/install/gz_pose_plugin
[0.410s] -- Found ament_cmake: 1.3.5 (/opt/ros/humble/share/ament_cmake/cmake)
[0.758s] -- Found rclcpp: 16.0.6 (/opt/ros/humble/share/rclcpp/cmake)
[0.878s] -- Found rosidl_generator_c: 3.1.5 (/opt/ros/humble/share/rosidl_generator_c/cmake)
[0.888s] -- Found rosidl_adapter: 3.1.5 (/opt/ros/humble/share/rosidl_adapter/cmake)
[0.915s] -- Found rosidl_generator_cpp: 3.1.5 (/opt/ros/humble/share/rosidl_generator_cpp/cmake)
[0.971s] -- Using all available rosidl_typesupport_c: rosidl_typesupport_fastrtps_c;rosidl_typesupport_introspection_c
[1.049s] -- Using all available rosidl_typesupport_cpp: rosidl_typesupport_fastrtps_cpp;rosidl_typesupport_introspection_cpp
[1.319s] -- Found rmw_implementation_cmake: 6.1.1 (/opt/ros/humble/share/rmw_implementation_cmake/cmake)
[1.326s] -- Found rmw_fastrtps_cpp: 6.2.4 (/opt/ros/humble/share/rmw_fastrtps_cpp/cmake)
[1.728s] -- Using RMW implementation 'rmw_fastrtps_cpp' as default
[2.251s] -- Found geometry_msgs: 4.2.3 (/opt/ros/humble/share/geometry_msgs/cmake)
[2.446s] [31mCMake Error at CMakeLists.txt:7 (find_package):
[2.446s]   By not providing "Findgz.cmake" in CMAKE_MODULE_PATH this project has asked
[2.446s]   CMake to find a package configuration file provided by "gz", but CMake did
[2.447s]   not find one.
[2.447s] 
[2.447s]   Could not find a package configuration file provided by "gz" with any of
[2.447s]   the following names:
[2.447s] 
[2.448s]     gzConfig.cmake
[2.448s]     gz-config.cmake
[2.448s] 
[2.448s]   Add the installation prefix of "gz" to CMAKE_PREFIX_PATH or set "gz_DIR" to
[2.448s]   a directory containing one of the above files.  If "gz" provides a separate
[2.449s]   development package or SDK, be sure it has been installed.
[2.449s] 
[2.449s] [0m
[2.449s] -- Configuring incomplete, errors occurred!
[2.478s] Invoked command in '/home/luky/mavros_ros2_ws/src/gz_pose_plugin/build/gz_pose_plugin' returned '1': /home/luky/.local/bin/cmake /home/luky/mavros_ros2_ws/src/gz_pose_plugin -DCMAKE_INSTALL_PREFIX=/home/luky/mavros_ros2_ws/src/gz_pose_plugin/install/gz_pose_plugin
