[0.344s] Invoking command in '/home/luky/mavros_ros2_ws/src/gz_pose_plugin/build/gz_pose_plugin': /home/luky/.local/bin/cmake /home/luky/mavros_ros2_ws/src/gz_pose_plugin -DCMAKE_INSTALL_PREFIX=/home/luky/mavros_ros2_ws/src/gz_pose_plugin/install/gz_pose_plugin
[0.651s] -- The C compiler identification is GNU 11.4.0
[0.848s] -- The CXX compiler identification is GNU 11.4.0
[0.884s] -- Detecting C compiler ABI info
[1.058s] -- Detecting C compiler ABI info - done
[1.092s] -- Check for working C compiler: /usr/bin/cc - skipped
[1.093s] -- Detecting C compile features
[1.095s] -- Detecting C compile features - done
[1.106s] -- Detecting CXX compiler ABI info
[1.323s] -- Detecting CXX compiler ABI info - done
[1.368s] -- Check for working CXX compiler: /usr/bin/c++ - skipped
[1.369s] -- Detecting CXX compile features
[1.371s] -- Detecting CXX compile features - done
[1.414s] -- Found ament_cmake: 1.3.5 (/opt/ros/humble/share/ament_cmake/cmake)
[3.308s] -- Found Python3: /usr/bin/python3.10 (found version "3.10.12") found components: Interpreter 
[3.634s] -- Found rclcpp: 16.0.6 (/opt/ros/humble/share/rclcpp/cmake)
[3.829s] -- Found rosidl_generator_c: 3.1.5 (/opt/ros/humble/share/rosidl_generator_c/cmake)
[3.849s] -- Found rosidl_adapter: 3.1.5 (/opt/ros/humble/share/rosidl_adapter/cmake)
[3.886s] -- Found rosidl_generator_cpp: 3.1.5 (/opt/ros/humble/share/rosidl_generator_cpp/cmake)
[3.953s] -- Using all available rosidl_typesupport_c: rosidl_typesupport_fastrtps_c;rosidl_typesupport_introspection_c
[4.047s] -- Using all available rosidl_typesupport_cpp: rosidl_typesupport_fastrtps_cpp;rosidl_typesupport_introspection_cpp
[4.343s] -- Found rmw_implementation_cmake: 6.1.1 (/opt/ros/humble/share/rmw_implementation_cmake/cmake)
[4.355s] -- Found rmw_fastrtps_cpp: 6.2.4 (/opt/ros/humble/share/rmw_fastrtps_cpp/cmake)
[4.724s] -- Found OpenSSL: /usr/lib/x86_64-linux-gnu/libcrypto.so (found version "3.0.2")  
[4.823s] -- Found FastRTPS: /opt/ros/humble/include  
[4.984s] -- Using RMW implementation 'rmw_fastrtps_cpp' as default
[5.026s] -- Performing Test CMAKE_HAVE_LIBC_PTHREAD
[5.205s] -- Performing Test CMAKE_HAVE_LIBC_PTHREAD - Success
[5.210s] -- Found Threads: TRUE  
[5.877s] -- Found geometry_msgs: 4.2.3 (/opt/ros/humble/share/geometry_msgs/cmake)
[6.070s] [31mCMake Error at CMakeLists.txt:7 (find_package):
[6.070s]   By not providing "Findgazebo_dev.cmake" in CMAKE_MODULE_PATH this project
[6.070s]   has asked CMake to find a package configuration file provided by
[6.070s]   "gazebo_dev", but CMake did not find one.
[6.070s] 
[6.070s]   Could not find a package configuration file provided by "gazebo_dev" with
[6.071s]   any of the following names:
[6.071s] 
[6.071s]     gazebo_devConfig.cmake
[6.071s]     gazebo_dev-config.cmake
[6.071s] 
[6.072s]   Add the installation prefix of "gazebo_dev" to CMAKE_PREFIX_PATH or set
[6.072s]   "gazebo_dev_DIR" to a directory containing one of the above files.  If
[6.072s]   "gazebo_dev" provides a separate development package or SDK, be sure it has
[6.072s]   been installed.
[6.072s] 
[6.072s] [0m
[6.072s] -- Configuring incomplete, errors occurred!
[6.113s] Invoked command in '/home/luky/mavros_ros2_ws/src/gz_pose_plugin/build/gz_pose_plugin' returned '1': /home/luky/.local/bin/cmake /home/luky/mavros_ros2_ws/src/gz_pose_plugin -DCMAKE_INSTALL_PREFIX=/home/luky/mavros_ros2_ws/src/gz_pose_plugin/install/gz_pose_plugin
