[0.023s] Invoking command in '/home/luky/mavros_ros2_ws/src/build/px4_msgs': CMAKE_PREFIX_PATH=${CMAKE_PREFIX_PATH}:/home/luky/ros2_ws/install/my_robot_controller:/opt/ros/humble /home/luky/.local/bin/cmake --build /home/luky/mavros_ros2_ws/src/build/px4_msgs -- -j8 -l8
[0.391s] [  0%] Built target px4_msgs__cpp
[0.417s] [ 12%] Built target px4_msgs__rosidl_generator_c
[0.460s] [ 12%] Built target ament_cmake_python_copy_px4_msgs
[0.557s] [ 24%] Built target px4_msgs__rosidl_typesupport_cpp
[0.561s] [ 37%] Built target px4_msgs__rosidl_typesupport_introspection_c
[0.562s] [ 49%] Built target px4_msgs__rosidl_typesupport_fastrtps_cpp
[0.564s] [ 62%] Built target px4_msgs__rosidl_typesupport_c
[0.565s] [ 75%] Built target px4_msgs__rosidl_typesupport_fastrtps_c
[0.566s] [ 88%] Built target px4_msgs__rosidl_typesupport_introspection_cpp
[0.577s] [ 88%] Built target px4_msgs
[0.604s] [ 88%] Built target px4_msgs__py
[0.708s] [100%] Built target px4_msgs__rosidl_generator_py
[0.727s] [100%] Built target px4_msgs__rosidl_typesupport_introspection_c__pyext
[0.727s] [100%] Built target px4_msgs__rosidl_typesupport_c__pyext
[0.727s] [100%] Built target px4_msgs__rosidl_typesupport_fastrtps_c__pyext
[0.745s] running egg_info
[0.762s] writing px4_msgs.egg-info/PKG-INFO
[0.762s] writing dependency_links to px4_msgs.egg-info/dependency_links.txt
[0.762s] writing top-level names to px4_msgs.egg-info/top_level.txt
[0.816s] reading manifest file 'px4_msgs.egg-info/SOURCES.txt'
[0.819s] writing manifest file 'px4_msgs.egg-info/SOURCES.txt'
[0.836s] [100%] Built target ament_cmake_python_build_px4_msgs_egg
