[0.139s] Invoking command in '/home/luky/mavros_ros2_ws/src/build/angle_calculator': CMAKE_PREFIX_PATH=${CMAKE_PREFIX_PATH}:/home/luky/ros2_ws/install/my_robot_controller:/opt/ros/humble /home/luky/.local/bin/cmake /home/luky/mavros_ros2_ws/src/angle_calculator -DCMAKE_INSTALL_PREFIX=/home/luky/mavros_ros2_ws/src/install/angle_calculator
[0.225s] -- The C compiler identification is GNU 11.4.0
[0.294s] -- The CXX compiler identification is GNU 11.4.0
[0.307s] -- Detecting C compiler ABI info
[0.370s] -- Detecting C compiler ABI info - done
[0.380s] -- Check for working C compiler: /usr/bin/cc - skipped
[0.381s] -- Detecting C compile features
[0.381s] -- Detecting C compile features - done
[0.385s] -- Detecting CXX compiler ABI info
[0.460s] -- Detecting CXX compiler ABI info - done
[0.474s] -- Check for working CXX compiler: /usr/bin/c++ - skipped
[0.474s] -- Detecting CXX compile features
[0.474s] -- Detecting CXX compile features - done
[0.477s] -- Found ament_cmake: 1.3.5 (/opt/ros/humble/share/ament_cmake/cmake)
[1.171s] -- Found Python3: /usr/bin/python3.10 (found version "3.10.12") found components: Interpreter 
[1.299s] -- Found rclcpp: 16.0.6 (/opt/ros/humble/share/rclcpp/cmake)
[1.368s] -- Found rosidl_generator_c: 3.1.5 (/opt/ros/humble/share/rosidl_generator_c/cmake)
[1.375s] -- Found rosidl_adapter: 3.1.5 (/opt/ros/humble/share/rosidl_adapter/cmake)
[1.386s] -- Found rosidl_generator_cpp: 3.1.5 (/opt/ros/humble/share/rosidl_generator_cpp/cmake)
[1.403s] -- Using all available rosidl_typesupport_c: rosidl_typesupport_fastrtps_c;rosidl_typesupport_introspection_c
[1.427s] -- Using all available rosidl_typesupport_cpp: rosidl_typesupport_fastrtps_cpp;rosidl_typesupport_introspection_cpp
[1.521s] -- Found rmw_implementation_cmake: 6.1.1 (/opt/ros/humble/share/rmw_implementation_cmake/cmake)
[1.524s] -- Found rmw_fastrtps_cpp: 6.2.4 (/opt/ros/humble/share/rmw_fastrtps_cpp/cmake)
[1.657s] -- Found OpenSSL: /usr/lib/x86_64-linux-gnu/libcrypto.so (found version "3.0.2")  
[1.692s] -- Found FastRTPS: /opt/ros/humble/include  
[1.752s] -- Using RMW implementation 'rmw_fastrtps_cpp' as default
[1.768s] -- Performing Test CMAKE_HAVE_LIBC_PTHREAD
[1.847s] -- Performing Test CMAKE_HAVE_LIBC_PTHREAD - Success
[1.848s] -- Found Threads: TRUE  
[2.035s] -- Found geometry_msgs: 4.2.3 (/opt/ros/humble/share/geometry_msgs/cmake)
[2.096s] -- Found tf2: 0.25.4 (/opt/ros/humble/share/tf2/cmake)
[2.114s] -- Found tf2_geometry_msgs: 0.25.4 (/opt/ros/humble/share/tf2_geometry_msgs/cmake)
[2.134s] -- Found eigen3_cmake_module: 0.1.1 (/opt/ros/humble/share/eigen3_cmake_module/cmake)
[2.136s] -- Found Eigen3: TRUE (found version "3.4.0") 
[2.136s] -- Ensuring Eigen3 include directory is part of orocos-kdl CMake target
[2.557s] -- Found ament_lint_auto: 0.12.8 (/opt/ros/humble/share/ament_lint_auto/cmake)
[2.659s] -- Added test 'cppcheck' to perform static code analysis on C / C++ code
[2.659s] -- Configured cppcheck include dirs: 
[2.659s] -- Configured cppcheck exclude dirs and/or files: 
[2.660s] -- Added test 'flake8' to check Python code syntax and style conventions
[2.663s] -- Added test 'lint_cmake' to check CMake code style
[2.663s] -- Added test 'pep257' to check Python code against some of the docstring style conventions in PEP 257
[2.666s] -- Added test 'uncrustify' to check C / C++ code style
[2.666s] -- Configured uncrustify additional arguments: 
[2.668s] -- Added test 'xmllint' to check XML markup files
[2.669s] -- Configuring done (2.5s)
[2.685s] -- Generating done (0.0s)
[2.688s] -- Build files have been written to: /home/luky/mavros_ros2_ws/src/build/angle_calculator
[2.716s] Invoked command in '/home/luky/mavros_ros2_ws/src/build/angle_calculator' returned '0': CMAKE_PREFIX_PATH=${CMAKE_PREFIX_PATH}:/home/luky/ros2_ws/install/my_robot_controller:/opt/ros/humble /home/luky/.local/bin/cmake /home/luky/mavros_ros2_ws/src/angle_calculator -DCMAKE_INSTALL_PREFIX=/home/luky/mavros_ros2_ws/src/install/angle_calculator
[2.719s] Invoking command in '/home/luky/mavros_ros2_ws/src/build/angle_calculator': CMAKE_PREFIX_PATH=${CMAKE_PREFIX_PATH}:/home/luky/ros2_ws/install/my_robot_controller:/opt/ros/humble /home/luky/.local/bin/cmake --build /home/luky/mavros_ros2_ws/src/build/angle_calculator -- -j8 -l8
[2.784s] [ 50%] [32mBuilding CXX object CMakeFiles/angle_calculator_node.dir/src/angle_calculator_node.cpp.o[0m
[5.656s] In file included from [01m[K/usr/include/c++/11/pstl/glue_algorithm_defs.h:13[m[K,
[5.656s]                  from [01m[K/usr/include/c++/11/algorithm:74[m[K,
[5.656s]                  from [01m[K/opt/ros/humble/include/rclcpp/rclcpp/executor.hpp:18[m[K,
[5.656s]                  from [01m[K/opt/ros/humble/include/rclcpp/rclcpp/executors/multi_threaded_executor.hpp:25[m[K,
[5.656s]                  from [01m[K/opt/ros/humble/include/rclcpp/rclcpp/executors.hpp:21[m[K,
[5.656s]                  from [01m[K/opt/ros/humble/include/rclcpp/rclcpp/rclcpp.hpp:155[m[K,
[5.656s]                  from [01m[K/home/luky/mavros_ros2_ws/src/angle_calculator/src/angle_calculator_node.cpp:1[m[K:
[5.656s] /usr/include/c++/11/functional: In instantiation of ‘[01m[Kstruct std::_Bind_check_arity<void (AngleCalculator::*)(std::shared_ptr<geometry_msgs::msg::Pose_<std::allocator<void> > >, std::shared_ptr<geometry_msgs::msg::Pose_<std::allocator<void> > >), AngleCalculator*, const std::_Placeholder<1>&>[m[K’:
[5.656s] [01m[K/usr/include/c++/11/functional:768:12:[m[K   required from ‘[01m[Kstruct std::_Bind_helper<false, void (AngleCalculator::*)(std::shared_ptr<geometry_msgs::msg::Pose_<std::allocator<void> > >, std::shared_ptr<geometry_msgs::msg::Pose_<std::allocator<void> > >), AngleCalculator*, const std::_Placeholder<1>&>[m[K’
[5.656s] [01m[K/usr/include/c++/11/functional:789:5:[m[K   required by substitution of ‘[01m[Ktemplate<class _Func, class ... _BoundArgs> typename std::_Bind_helper<std::__is_socketlike<_Func>::value, _Func, _BoundArgs ...>::type std::bind(_Func&&, _BoundArgs&& ...) [with _Func = void (AngleCalculator::*)(std::shared_ptr<geometry_msgs::msg::Pose_<std::allocator<void> > >, std::shared_ptr<geometry_msgs::msg::Pose_<std::allocator<void> > >); _BoundArgs = {AngleCalculator*, const std::_Placeholder<1>&}][m[K’
[5.656s] [01m[K/home/luky/mavros_ros2_ws/src/angle_calculator/src/angle_calculator_node.cpp:13:40:[m[K   required from here
[5.656s] [01m[K/usr/include/c++/11/functional:756:21:[m[K [01;31m[Kerror: [m[Kstatic assertion failed: Wrong number of arguments for pointer-to-member
[5.657s]   755 |       static_assert(_Varargs::[01;31m[Kvalue[m[K
[5.657s]       |                               [01;31m[K~~~~~[m[K
[5.657s]   756 | [01;31m[K                    ? sizeof...(_BoundArgs) >= _Arity::value + 1[m[K
[5.657s]       |                     [01;31m[K^~~~~~~~~~~~~~~~~~~~~~~~~~~~~~~~~~~~~~~~~~~~[m[K
[5.657s]   757 | [01;31m[K                    : sizeof...(_BoundArgs) == _Arity::value + 1[m[K,
[5.657s]       |                     [01;31m[K~~~~~~~~~~~~~~~~~~~~~~~~~~~~~~~~~~~~~~~~~~~~[m[K
[5.657s] [01m[K/usr/include/c++/11/functional:756:21:[m[K [01;36m[Knote: [m[K‘[01m[K(false ? (2 >= (((long unsigned int)std::integral_constant<long unsigned int, 2>::value) + 1)) : (2 == (((long unsigned int)std::integral_constant<long unsigned int, 2>::value) + 1)))[m[K’ evaluates to false
[6.140s] In file included from [01m[K/opt/ros/humble/include/rclcpp/rclcpp/subscription_base.hpp:32[m[K,
[6.140s]                  from [01m[K/opt/ros/humble/include/rclcpp/rclcpp/callback_group.hpp:29[m[K,
[6.140s]                  from [01m[K/opt/ros/humble/include/rclcpp/rclcpp/any_executable.hpp:20[m[K,
[6.140s]                  from [01m[K/opt/ros/humble/include/rclcpp/rclcpp/memory_strategy.hpp:25[m[K,
[6.140s]                  from [01m[K/opt/ros/humble/include/rclcpp/rclcpp/memory_strategies.hpp:18[m[K,
[6.140s]                  from [01m[K/opt/ros/humble/include/rclcpp/rclcpp/executor_options.hpp:20[m[K,
[6.140s]                  from [01m[K/opt/ros/humble/include/rclcpp/rclcpp/executor.hpp:37[m[K,
[6.140s]                  from [01m[K/opt/ros/humble/include/rclcpp/rclcpp/executors/multi_threaded_executor.hpp:25[m[K,
[6.140s]                  from [01m[K/opt/ros/humble/include/rclcpp/rclcpp/executors.hpp:21[m[K,
[6.140s]                  from [01m[K/opt/ros/humble/include/rclcpp/rclcpp/rclcpp.hpp:155[m[K,
[6.140s]                  from [01m[K/home/luky/mavros_ros2_ws/src/angle_calculator/src/angle_calculator_node.cpp:1[m[K:
[6.140s] /opt/ros/humble/include/rclcpp/rclcpp/any_subscription_callback.hpp: In instantiation of ‘[01m[Krclcpp::AnySubscriptionCallback<MessageT, AllocatorT> rclcpp::AnySubscriptionCallback<MessageT, AllocatorT>::set(CallbackT) [with CallbackT = std::_Bind<void (AngleCalculator::*(AngleCalculator*, std::_Placeholder<1>))(std::shared_ptr<geometry_msgs::msg::Pose_<std::allocator<void> > >, std::shared_ptr<geometry_msgs::msg::Pose_<std::allocator<void> > >)>; MessageT = geometry_msgs::msg::Pose_<std::allocator<void> >; AllocatorT = std::allocator<void>][m[K’:
[6.141s] [01m[K/opt/ros/humble/include/rclcpp/rclcpp/subscription_factory.hpp:94:32:[m[K   required from ‘[01m[Krclcpp::SubscriptionFactory rclcpp::create_subscription_factory(CallbackT&&, const rclcpp::SubscriptionOptionsWithAllocator<AllocatorT>&, typename MessageMemoryStrategyT::SharedPtr, std::shared_ptr<rclcpp::topic_statistics::SubscriptionTopicStatistics<ROSMessageType> >) [with MessageT = geometry_msgs::msg::Pose_<std::allocator<void> >; CallbackT = std::_Bind<void (AngleCalculator::*(AngleCalculator*, std::_Placeholder<1>))(std::shared_ptr<geometry_msgs::msg::Pose_<std::allocator<void> > >, std::shared_ptr<geometry_msgs::msg::Pose_<std::allocator<void> > >)>; AllocatorT = std::allocator<void>; SubscriptionT = rclcpp::Subscription<geometry_msgs::msg::Pose_<std::allocator<void> > >; MessageMemoryStrategyT = rclcpp::message_memory_strategy::MessageMemoryStrategy<geometry_msgs::msg::Pose_<std::allocator<void> >, std::allocator<void> >; ROSMessageType = geometry_msgs::msg::Pose_<std::allocator<void> >; typename MessageMemoryStrategyT::SharedPtr = std::shared_ptr<rclcpp::message_memory_strategy::MessageMemoryStrategy<geometry_msgs::msg::Pose_<std::allocator<void> >, std::allocator<void> > >][m[K’
[6.141s] [01m[K/opt/ros/humble/include/rclcpp/rclcpp/create_subscription.hpp:122:63:[m[K   required from ‘[01m[Kstd::shared_ptr<ROSMessageT> rclcpp::detail::create_subscription(NodeParametersT&, NodeTopicsT&, const string&, const rclcpp::QoS&, CallbackT&&, const rclcpp::SubscriptionOptionsWithAllocator<AllocatorT>&, typename MessageMemoryStrategyT::SharedPtr) [with MessageT = geometry_msgs::msg::Pose_<std::allocator<void> >; CallbackT = std::_Bind<void (AngleCalculator::*(AngleCalculator*, std::_Placeholder<1>))(std::shared_ptr<geometry_msgs::msg::Pose_<std::allocator<void> > >, std::shared_ptr<geometry_msgs::msg::Pose_<std::allocator<void> > >)>; AllocatorT = std::allocator<void>; SubscriptionT = rclcpp::Subscription<geometry_msgs::msg::Pose_<std::allocator<void> > >; MessageMemoryStrategyT = rclcpp::message_memory_strategy::MessageMemoryStrategy<geometry_msgs::msg::Pose_<std::allocator<void> >, std::allocator<void> >; NodeParametersT = rclcpp::Node; NodeTopicsT = rclcpp::Node; ROSMessageType = geometry_msgs::msg::Pose_<std::allocator<void> >; std::string = std::__cxx11::basic_string<char>; typename MessageMemoryStrategyT::SharedPtr = std::shared_ptr<rclcpp::message_memory_strategy::MessageMemoryStrategy<geometry_msgs::msg::Pose_<std::allocator<void> >, std::allocator<void> > >][m[K’
[6.141s] [01m[K/opt/ros/humble/include/rclcpp/rclcpp/create_subscription.hpp:191:76:[m[K   required from ‘[01m[Kstd::shared_ptr<ROSMessageT> rclcpp::create_subscription(NodeT&, const string&, const rclcpp::QoS&, CallbackT&&, const rclcpp::SubscriptionOptionsWithAllocator<AllocatorT>&, typename MessageMemoryStrategyT::SharedPtr) [with MessageT = geometry_msgs::msg::Pose_<std::allocator<void> >; CallbackT = std::_Bind<void (AngleCalculator::*(AngleCalculator*, std::_Placeholder<1>))(std::shared_ptr<geometry_msgs::msg::Pose_<std::allocator<void> > >, std::shared_ptr<geometry_msgs::msg::Pose_<std::allocator<void> > >)>; AllocatorT = std::allocator<void>; SubscriptionT = rclcpp::Subscription<geometry_msgs::msg::Pose_<std::allocator<void> > >; MessageMemoryStrategyT = rclcpp::message_memory_strategy::MessageMemoryStrategy<geometry_msgs::msg::Pose_<std::allocator<void> >, std::allocator<void> >; NodeT = rclcpp::Node; std::string = std::__cxx11::basic_string<char>; typename MessageMemoryStrategyT::SharedPtr = std::shared_ptr<rclcpp::message_memory_strategy::MessageMemoryStrategy<geometry_msgs::msg::Pose_<std::allocator<void> >, std::allocator<void> > >][m[K’
[6.141s] [01m[K/opt/ros/humble/include/rclcpp/rclcpp/node_impl.hpp:99:47:[m[K   required from ‘[01m[Kstd::shared_ptr<ROSMessageT> rclcpp::Node::create_subscription(const string&, const rclcpp::QoS&, CallbackT&&, const rclcpp::SubscriptionOptionsWithAllocator<AllocatorT>&, typename MessageMemoryStrategyT::SharedPtr) [with MessageT = geometry_msgs::msg::Pose_<std::allocator<void> >; CallbackT = std::_Bind<void (AngleCalculator::*(AngleCalculator*, std::_Placeholder<1>))(std::shared_ptr<geometry_msgs::msg::Pose_<std::allocator<void> > >, std::shared_ptr<geometry_msgs::msg::Pose_<std::allocator<void> > >)>; AllocatorT = std::allocator<void>; SubscriptionT = rclcpp::Subscription<geometry_msgs::msg::Pose_<std::allocator<void> > >; MessageMemoryStrategyT = rclcpp::message_memory_strategy::MessageMemoryStrategy<geometry_msgs::msg::Pose_<std::allocator<void> >, std::allocator<void> >; std::string = std::__cxx11::basic_string<char>; typename MessageMemoryStrategyT::SharedPtr = std::shared_ptr<rclcpp::message_memory_strategy::MessageMemoryStrategy<geometry_msgs::msg::Pose_<std::allocator<void> >, std::allocator<void> > >][m[K’
[6.141s] [01m[K/home/luky/mavros_ros2_ws/src/angle_calculator/src/angle_calculator_node.cpp:12:84:[m[K   required from here
[6.141s] [01m[K/opt/ros/humble/include/rclcpp/rclcpp/any_subscription_callback.hpp:394:27:[m[K [01;31m[Kerror: [m[Kno matching function for call to ‘[01m[Kstd::function<void(std::shared_ptr<geometry_msgs::msg::Pose_<std::allocator<void> > >, std::shared_ptr<geometry_msgs::msg::Pose_<std::allocator<void> > >)>::function(std::_Bind<void (AngleCalculator::*(AngleCalculator*, std::_Placeholder<1>))(std::shared_ptr<geometry_msgs::msg::Pose_<std::allocator<void> > >, std::shared_ptr<geometry_msgs::msg::Pose_<std::allocator<void> > >)>&)[m[K’
[6.141s]   394 |       callback_variant_ = [01;31m[Kstatic_cast<typename scbth::callback_type>(callback)[m[K;
[6.141s]       |                           [01;31m[K^~~~~~~~~~~~~~~~~~~~~~~~~~~~~~~~~~~~~~~~~~~~~~~~~~~~[m[K
[6.142s] In file included from [01m[K/usr/include/c++/11/future:47[m[K,
[6.142s]                  from [01m[K/opt/ros/humble/include/rclcpp/rclcpp/executors.hpp:18[m[K,
[6.142s]                  from [01m[K/opt/ros/humble/include/rclcpp/rclcpp/rclcpp.hpp:155[m[K,
[6.142s]                  from [01m[K/home/luky/mavros_ros2_ws/src/angle_calculator/src/angle_calculator_node.cpp:1[m[K:
[6.142s] [01m[K/usr/include/c++/11/bits/std_function.h:435:9:[m[K [01;36m[Knote: [m[Kcandidate: ‘[01m[Ktemplate<class _Functor, class _Constraints> std::function<_Res(_ArgTypes ...)>::function(_Functor&&) [with _Functor = _Functor; _Constraints = _Constraints; _Res = void; _ArgTypes = {std::shared_ptr<geometry_msgs::msg::Pose_<std::allocator<void> > >, std::shared_ptr<geometry_msgs::msg::Pose_<std::allocator<void> > >}][m[K’
[6.142s]   435 |         [01;36m[Kfunction[m[K(_Functor&& __f)
[6.142s]       |         [01;36m[K^~~~~~~~[m[K
[6.142s] [01m[K/usr/include/c++/11/bits/std_function.h:435:9:[m[K [01;36m[Knote: [m[K  template argument deduction/substitution failed:
[6.142s] In file included from [01m[K/usr/include/c++/11/bits/move.h:57[m[K,
[6.142s]                  from [01m[K/usr/include/c++/11/bits/stl_pair.h:59[m[K,
[6.142s]                  from [01m[K/usr/include/c++/11/bits/stl_algobase.h:64[m[K,
[6.142s]                  from [01m[K/usr/include/c++/11/memory:63[m[K,
[6.142s]                  from [01m[K/opt/ros/humble/include/rclcpp/rclcpp/rclcpp.hpp:153[m[K,
[6.142s]                  from [01m[K/home/luky/mavros_ros2_ws/src/angle_calculator/src/angle_calculator_node.cpp:1[m[K:
[6.142s] /usr/include/c++/11/type_traits: In substitution of ‘[01m[Ktemplate<bool _Cond, class _Tp> using __enable_if_t = typename std::enable_if::type [with bool _Cond = false; _Tp = void][m[K’:
[6.142s] [01m[K/usr/include/c++/11/bits/std_function.h:353:8:[m[K   required by substitution of ‘[01m[Ktemplate<class _Res, class ... _ArgTypes> template<class _Cond, class _Tp> using _Requires = std::__enable_if_t<_Cond::value, _Tp> [with _Cond = std::function<void(std::shared_ptr<geometry_msgs::msg::Pose_<std::allocator<void> > >, std::shared_ptr<geometry_msgs::msg::Pose_<std::allocator<void> > >)>::_Callable<std::_Bind<void (AngleCalculator::*(AngleCalculator*, std::_Placeholder<1>))(std::shared_ptr<geometry_msgs::msg::Pose_<std::allocator<void> > >, std::shared_ptr<geometry_msgs::msg::Pose_<std::allocator<void> > >)>&, std::_Bind<void (AngleCalculator::*(AngleCalculator*, std::_Placeholder<1>))(std::shared_ptr<geometry_msgs::msg::Pose_<std::allocator<void> > >, std::shared_ptr<geometry_msgs::msg::Pose_<std::allocator<void> > >)>, std::__invoke_result<std::_Bind<void (AngleCalculator::*(AngleCalculator*, std::_Placeholder<1>))(std::shared_ptr<geometry_msgs::msg::Pose_<std::allocator<void> > >, std::shared_ptr<geometry_msgs::msg::Pose_<std::allocator<void> > >)>&, std::shared_ptr<geometry_msgs::msg::Pose_<std::allocator<void> > >, std::shared_ptr<geometry_msgs::msg::Pose_<std::allocator<void> > > > >; _Tp = void; _Res = void; _ArgTypes = {std::shared_ptr<geometry_msgs::msg::Pose_<std::allocator<void> > >, std::shared_ptr<geometry_msgs::msg::Pose_<std::allocator<void> > >}][m[K’
[6.142s] [01m[K/usr/include/c++/11/bits/std_function.h:434:9:[m[K   required from ‘[01m[Krclcpp::AnySubscriptionCallback<MessageT, AllocatorT> rclcpp::AnySubscriptionCallback<MessageT, AllocatorT>::set(CallbackT) [with CallbackT = std::_Bind<void (AngleCalculator::*(AngleCalculator*, std::_Placeholder<1>))(std::shared_ptr<geometry_msgs::msg::Pose_<std::allocator<void> > >, std::shared_ptr<geometry_msgs::msg::Pose_<std::allocator<void> > >)>; MessageT = geometry_msgs::msg::Pose_<std::allocator<void> >; AllocatorT = std::allocator<void>][m[K’
[6.142s] [01m[K/opt/ros/humble/include/rclcpp/rclcpp/subscription_factory.hpp:94:32:[m[K   required from ‘[01m[Krclcpp::SubscriptionFactory rclcpp::create_subscription_factory(CallbackT&&, const rclcpp::SubscriptionOptionsWithAllocator<AllocatorT>&, typename MessageMemoryStrategyT::SharedPtr, std::shared_ptr<rclcpp::topic_statistics::SubscriptionTopicStatistics<ROSMessageType> >) [with MessageT = geometry_msgs::msg::Pose_<std::allocator<void> >; CallbackT = std::_Bind<void (AngleCalculator::*(AngleCalculator*, std::_Placeholder<1>))(std::shared_ptr<geometry_msgs::msg::Pose_<std::allocator<void> > >, std::shared_ptr<geometry_msgs::msg::Pose_<std::allocator<void> > >)>; AllocatorT = std::allocator<void>; SubscriptionT = rclcpp::Subscription<geometry_msgs::msg::Pose_<std::allocator<void> > >; MessageMemoryStrategyT = rclcpp::message_memory_strategy::MessageMemoryStrategy<geometry_msgs::msg::Pose_<std::allocator<void> >, std::allocator<void> >; ROSMessageType = geometry_msgs::msg::Pose_<std::allocator<void> >; typename MessageMemoryStrategyT::SharedPtr = std::shared_ptr<rclcpp::message_memory_strategy::MessageMemoryStrategy<geometry_msgs::msg::Pose_<std::allocator<void> >, std::allocator<void> > >][m[K’
[6.142s] [01m[K/opt/ros/humble/include/rclcpp/rclcpp/create_subscription.hpp:122:63:[m[K   required from ‘[01m[Kstd::shared_ptr<ROSMessageT> rclcpp::detail::create_subscription(NodeParametersT&, NodeTopicsT&, const string&, const rclcpp::QoS&, CallbackT&&, const rclcpp::SubscriptionOptionsWithAllocator<AllocatorT>&, typename MessageMemoryStrategyT::SharedPtr) [with MessageT = geometry_msgs::msg::Pose_<std::allocator<void> >; CallbackT = std::_Bind<void (AngleCalculator::*(AngleCalculator*, std::_Placeholder<1>))(std::shared_ptr<geometry_msgs::msg::Pose_<std::allocator<void> > >, std::shared_ptr<geometry_msgs::msg::Pose_<std::allocator<void> > >)>; AllocatorT = std::allocator<void>; SubscriptionT = rclcpp::Subscription<geometry_msgs::msg::Pose_<std::allocator<void> > >; MessageMemoryStrategyT = rclcpp::message_memory_strategy::MessageMemoryStrategy<geometry_msgs::msg::Pose_<std::allocator<void> >, std::allocator<void> >; NodeParametersT = rclcpp::Node; NodeTopicsT = rclcpp::Node; ROSMessageType = geometry_msgs::msg::Pose_<std::allocator<void> >; std::string = std::__cxx11::basic_string<char>; typename MessageMemoryStrategyT::SharedPtr = std::shared_ptr<rclcpp::message_memory_strategy::MessageMemoryStrategy<geometry_msgs::msg::Pose_<std::allocator<void> >, std::allocator<void> > >][m[K’
[6.142s] [01m[K/opt/ros/humble/include/rclcpp/rclcpp/create_subscription.hpp:191:76:[m[K   required from ‘[01m[Kstd::shared_ptr<ROSMessageT> rclcpp::create_subscription(NodeT&, const string&, const rclcpp::QoS&, CallbackT&&, const rclcpp::SubscriptionOptionsWithAllocator<AllocatorT>&, typename MessageMemoryStrategyT::SharedPtr) [with MessageT = geometry_msgs::msg::Pose_<std::allocator<void> >; CallbackT = std::_Bind<void (AngleCalculator::*(AngleCalculator*, std::_Placeholder<1>))(std::shared_ptr<geometry_msgs::msg::Pose_<std::allocator<void> > >, std::shared_ptr<geometry_msgs::msg::Pose_<std::allocator<void> > >)>; AllocatorT = std::allocator<void>; SubscriptionT = rclcpp::Subscription<geometry_msgs::msg::Pose_<std::allocator<void> > >; MessageMemoryStrategyT = rclcpp::message_memory_strategy::MessageMemoryStrategy<geometry_msgs::msg::Pose_<std::allocator<void> >, std::allocator<void> >; NodeT = rclcpp::Node; std::string = std::__cxx11::basic_string<char>; typename MessageMemoryStrategyT::SharedPtr = std::shared_ptr<rclcpp::message_memory_strategy::MessageMemoryStrategy<geometry_msgs::msg::Pose_<std::allocator<void> >, std::allocator<void> > >][m[K’
[6.142s] [01m[K/opt/ros/humble/include/rclcpp/rclcpp/node_impl.hpp:99:47:[m[K   required from ‘[01m[Kstd::shared_ptr<ROSMessageT> rclcpp::Node::create_subscription(const string&, const rclcpp::QoS&, CallbackT&&, const rclcpp::SubscriptionOptionsWithAllocator<AllocatorT>&, typename MessageMemoryStrategyT::SharedPtr) [with MessageT = geometry_msgs::msg::Pose_<std::allocator<void> >; CallbackT = std::_Bind<void (AngleCalculator::*(AngleCalculator*, std::_Placeholder<1>))(std::shared_ptr<geometry_msgs::msg::Pose_<std::allocator<void> > >, std::shared_ptr<geometry_msgs::msg::Pose_<std::allocator<void> > >)>; AllocatorT = std::allocator<void>; SubscriptionT = rclcpp::Subscription<geometry_msgs::msg::Pose_<std::allocator<void> > >; MessageMemoryStrategyT = rclcpp::message_memory_strategy::MessageMemoryStrategy<geometry_msgs::msg::Pose_<std::allocator<void> >, std::allocator<void> >; std::string = std::__cxx11::basic_string<char>; typename MessageMemoryStrategyT::SharedPtr = std::shared_ptr<rclcpp::message_memory_strategy::MessageMemoryStrategy<geometry_msgs::msg::Pose_<std::allocator<void> >, std::allocator<void> > >][m[K’
[6.142s] [01m[K/home/luky/mavros_ros2_ws/src/angle_calculator/src/angle_calculator_node.cpp:12:84:[m[K   required from here
[6.143s] [01m[K/usr/include/c++/11/type_traits:2205:11:[m[K [01;31m[Kerror: [m[Kno type named ‘[01m[Ktype[m[K’ in ‘[01m[Kstruct std::enable_if<false, void>[m[K’
[6.143s]  2205 |     using [01;31m[K__enable_if_t[m[K = typename enable_if<_Cond, _Tp>::type;
[6.143s]       |           [01;31m[K^~~~~~~~~~~~~[m[K
[6.143s] In file included from [01m[K/usr/include/c++/11/future:47[m[K,
[6.143s]                  from [01m[K/opt/ros/humble/include/rclcpp/rclcpp/executors.hpp:18[m[K,
[6.143s]                  from [01m[K/opt/ros/humble/include/rclcpp/rclcpp/rclcpp.hpp:155[m[K,
[6.143s]                  from [01m[K/home/luky/mavros_ros2_ws/src/angle_calculator/src/angle_calculator_node.cpp:1[m[K:
[6.143s] /opt/ros/humble/include/rclcpp/rclcpp/any_subscription_callback.hpp: In instantiation of ‘[01m[Krclcpp::AnySubscriptionCallback<MessageT, AllocatorT> rclcpp::AnySubscriptionCallback<MessageT, AllocatorT>::set(CallbackT) [with CallbackT = std::_Bind<void (AngleCalculator::*(AngleCalculator*, std::_Placeholder<1>))(std::shared_ptr<geometry_msgs::msg::Pose_<std::allocator<void> > >, std::shared_ptr<geometry_msgs::msg::Pose_<std::allocator<void> > >)>; MessageT = geometry_msgs::msg::Pose_<std::allocator<void> >; AllocatorT = std::allocator<void>][m[K’:
[6.143s] [01m[K/opt/ros/humble/include/rclcpp/rclcpp/subscription_factory.hpp:94:32:[m[K   required from ‘[01m[Krclcpp::SubscriptionFactory rclcpp::create_subscription_factory(CallbackT&&, const rclcpp::SubscriptionOptionsWithAllocator<AllocatorT>&, typename MessageMemoryStrategyT::SharedPtr, std::shared_ptr<rclcpp::topic_statistics::SubscriptionTopicStatistics<ROSMessageType> >) [with MessageT = geometry_msgs::msg::Pose_<std::allocator<void> >; CallbackT = std::_Bind<void (AngleCalculator::*(AngleCalculator*, std::_Placeholder<1>))(std::shared_ptr<geometry_msgs::msg::Pose_<std::allocator<void> > >, std::shared_ptr<geometry_msgs::msg::Pose_<std::allocator<void> > >)>; AllocatorT = std::allocator<void>; SubscriptionT = rclcpp::Subscription<geometry_msgs::msg::Pose_<std::allocator<void> > >; MessageMemoryStrategyT = rclcpp::message_memory_strategy::MessageMemoryStrategy<geometry_msgs::msg::Pose_<std::allocator<void> >, std::allocator<void> >; ROSMessageType = geometry_msgs::msg::Pose_<std::allocator<void> >; typename MessageMemoryStrategyT::SharedPtr = std::shared_ptr<rclcpp::message_memory_strategy::MessageMemoryStrategy<geometry_msgs::msg::Pose_<std::allocator<void> >, std::allocator<void> > >][m[K’
[6.143s] [01m[K/opt/ros/humble/include/rclcpp/rclcpp/create_subscription.hpp:122:63:[m[K   required from ‘[01m[Kstd::shared_ptr<ROSMessageT> rclcpp::detail::create_subscription(NodeParametersT&, NodeTopicsT&, const string&, const rclcpp::QoS&, CallbackT&&, const rclcpp::SubscriptionOptionsWithAllocator<AllocatorT>&, typename MessageMemoryStrategyT::SharedPtr) [with MessageT = geometry_msgs::msg::Pose_<std::allocator<void> >; CallbackT = std::_Bind<void (AngleCalculator::*(AngleCalculator*, std::_Placeholder<1>))(std::shared_ptr<geometry_msgs::msg::Pose_<std::allocator<void> > >, std::shared_ptr<geometry_msgs::msg::Pose_<std::allocator<void> > >)>; AllocatorT = std::allocator<void>; SubscriptionT = rclcpp::Subscription<geometry_msgs::msg::Pose_<std::allocator<void> > >; MessageMemoryStrategyT = rclcpp::message_memory_strategy::MessageMemoryStrategy<geometry_msgs::msg::Pose_<std::allocator<void> >, std::allocator<void> >; NodeParametersT = rclcpp::Node; NodeTopicsT = rclcpp::Node; ROSMessageType = geometry_msgs::msg::Pose_<std::allocator<void> >; std::string = std::__cxx11::basic_string<char>; typename MessageMemoryStrategyT::SharedPtr = std::shared_ptr<rclcpp::message_memory_strategy::MessageMemoryStrategy<geometry_msgs::msg::Pose_<std::allocator<void> >, std::allocator<void> > >][m[K’
[6.143s] [01m[K/opt/ros/humble/include/rclcpp/rclcpp/create_subscription.hpp:191:76:[m[K   required from ‘[01m[Kstd::shared_ptr<ROSMessageT> rclcpp::create_subscription(NodeT&, const string&, const rclcpp::QoS&, CallbackT&&, const rclcpp::SubscriptionOptionsWithAllocator<AllocatorT>&, typename MessageMemoryStrategyT::SharedPtr) [with MessageT = geometry_msgs::msg::Pose_<std::allocator<void> >; CallbackT = std::_Bind<void (AngleCalculator::*(AngleCalculator*, std::_Placeholder<1>))(std::shared_ptr<geometry_msgs::msg::Pose_<std::allocator<void> > >, std::shared_ptr<geometry_msgs::msg::Pose_<std::allocator<void> > >)>; AllocatorT = std::allocator<void>; SubscriptionT = rclcpp::Subscription<geometry_msgs::msg::Pose_<std::allocator<void> > >; MessageMemoryStrategyT = rclcpp::message_memory_strategy::MessageMemoryStrategy<geometry_msgs::msg::Pose_<std::allocator<void> >, std::allocator<void> >; NodeT = rclcpp::Node; std::string = std::__cxx11::basic_string<char>; typename MessageMemoryStrategyT::SharedPtr = std::shared_ptr<rclcpp::message_memory_strategy::MessageMemoryStrategy<geometry_msgs::msg::Pose_<std::allocator<void> >, std::allocator<void> > >][m[K’
[6.143s] [01m[K/opt/ros/humble/include/rclcpp/rclcpp/node_impl.hpp:99:47:[m[K   required from ‘[01m[Kstd::shared_ptr<ROSMessageT> rclcpp::Node::create_subscription(const string&, const rclcpp::QoS&, CallbackT&&, const rclcpp::SubscriptionOptionsWithAllocator<AllocatorT>&, typename MessageMemoryStrategyT::SharedPtr) [with MessageT = geometry_msgs::msg::Pose_<std::allocator<void> >; CallbackT = std::_Bind<void (AngleCalculator::*(AngleCalculator*, std::_Placeholder<1>))(std::shared_ptr<geometry_msgs::msg::Pose_<std::allocator<void> > >, std::shared_ptr<geometry_msgs::msg::Pose_<std::allocator<void> > >)>; AllocatorT = std::allocator<void>; SubscriptionT = rclcpp::Subscription<geometry_msgs::msg::Pose_<std::allocator<void> > >; MessageMemoryStrategyT = rclcpp::message_memory_strategy::MessageMemoryStrategy<geometry_msgs::msg::Pose_<std::allocator<void> >, std::allocator<void> >; std::string = std::__cxx11::basic_string<char>; typename MessageMemoryStrategyT::SharedPtr = std::shared_ptr<rclcpp::message_memory_strategy::MessageMemoryStrategy<geometry_msgs::msg::Pose_<std::allocator<void> >, std::allocator<void> > >][m[K’
[6.143s] [01m[K/home/luky/mavros_ros2_ws/src/angle_calculator/src/angle_calculator_node.cpp:12:84:[m[K   required from here
[6.143s] [01m[K/usr/include/c++/11/bits/std_function.h:404:7:[m[K [01;36m[Knote: [m[Kcandidate: ‘[01m[Kstd::function<_Res(_ArgTypes ...)>::function(std::function<_Res(_ArgTypes ...)>&&) [with _Res = void; _ArgTypes = {std::shared_ptr<geometry_msgs::msg::Pose_<std::allocator<void> > >, std::shared_ptr<geometry_msgs::msg::Pose_<std::allocator<void> > >}][m[K’
[6.143s]   404 |       [01;36m[Kfunction[m[K(function&& __x) noexcept
[6.143s]       |       [01;36m[K^~~~~~~~[m[K
[6.143s] [01m[K/usr/include/c++/11/bits/std_function.h:404:27:[m[K [01;36m[Knote: [m[K  no known conversion for argument 1 from ‘[01m[Kstd::_Bind<void (AngleCalculator::*(AngleCalculator*, std::_Placeholder<1>))(std::shared_ptr<geometry_msgs::msg::Pose_<std::allocator<void> > >, std::shared_ptr<geometry_msgs::msg::Pose_<std::allocator<void> > >)>[m[K’ to ‘[01m[Kstd::function<void(std::shared_ptr<geometry_msgs::msg::Pose_<std::allocator<void> > >, std::shared_ptr<geometry_msgs::msg::Pose_<std::allocator<void> > >)>&&[m[K’
[6.144s]   404 |       function([01;36m[Kfunction&& __x[m[K) noexcept
[6.144s]       |                [01;36m[K~~~~~~~~~~~^~~[m[K
[6.144s] [01m[K/usr/include/c++/11/bits/std_function.h:386:7:[m[K [01;36m[Knote: [m[Kcandidate: ‘[01m[Kstd::function<_Res(_ArgTypes ...)>::function(const std::function<_Res(_ArgTypes ...)>&) [with _Res = void; _ArgTypes = {std::shared_ptr<geometry_msgs::msg::Pose_<std::allocator<void> > >, std::shared_ptr<geometry_msgs::msg::Pose_<std::allocator<void> > >}][m[K’
[6.144s]   386 |       [01;36m[Kfunction[m[K(const function& __x)
[6.144s]       |       [01;36m[K^~~~~~~~[m[K
[6.144s] [01m[K/usr/include/c++/11/bits/std_function.h:386:32:[m[K [01;36m[Knote: [m[K  no known conversion for argument 1 from ‘[01m[Kstd::_Bind<void (AngleCalculator::*(AngleCalculator*, std::_Placeholder<1>))(std::shared_ptr<geometry_msgs::msg::Pose_<std::allocator<void> > >, std::shared_ptr<geometry_msgs::msg::Pose_<std::allocator<void> > >)>[m[K’ to ‘[01m[Kconst std::function<void(std::shared_ptr<geometry_msgs::msg::Pose_<std::allocator<void> > >, std::shared_ptr<geometry_msgs::msg::Pose_<std::allocator<void> > >)>&[m[K’
[6.144s]   386 |       function([01;36m[Kconst function& __x[m[K)
[6.144s]       |                [01;36m[K~~~~~~~~~~~~~~~~^~~[m[K
[6.144s] [01m[K/usr/include/c++/11/bits/std_function.h:375:7:[m[K [01;36m[Knote: [m[Kcandidate: ‘[01m[Kstd::function<_Res(_ArgTypes ...)>::function(std::nullptr_t) [with _Res = void; _ArgTypes = {std::shared_ptr<geometry_msgs::msg::Pose_<std::allocator<void> > >, std::shared_ptr<geometry_msgs::msg::Pose_<std::allocator<void> > >}; std::nullptr_t = std::nullptr_t][m[K’
[6.144s]   375 |       [01;36m[Kfunction[m[K(nullptr_t) noexcept
[6.144s]       |       [01;36m[K^~~~~~~~[m[K
[6.144s] [01m[K/usr/include/c++/11/bits/std_function.h:375:16:[m[K [01;36m[Knote: [m[K  no known conversion for argument 1 from ‘[01m[Kstd::_Bind<void (AngleCalculator::*(AngleCalculator*, std::_Placeholder<1>))(std::shared_ptr<geometry_msgs::msg::Pose_<std::allocator<void> > >, std::shared_ptr<geometry_msgs::msg::Pose_<std::allocator<void> > >)>[m[K’ to ‘[01m[Kstd::nullptr_t[m[K’
[6.144s]   375 |       function([01;36m[Knullptr_t[m[K) noexcept
[6.144s]       |                [01;36m[K^~~~~~~~~[m[K
[6.144s] [01m[K/usr/include/c++/11/bits/std_function.h:368:7:[m[K [01;36m[Knote: [m[Kcandidate: ‘[01m[Kstd::function<_Res(_ArgTypes ...)>::function() [with _Res = void; _ArgTypes = {std::shared_ptr<geometry_msgs::msg::Pose_<std::allocator<void> > >, std::shared_ptr<geometry_msgs::msg::Pose_<std::allocator<void> > >}][m[K’
[6.144s]   368 |       [01;36m[Kfunction[m[K() noexcept
[6.144s]       |       [01;36m[K^~~~~~~~[m[K
[6.151s] [01m[K/usr/include/c++/11/bits/std_function.h:368:7:[m[K [01;36m[Knote: [m[K  candidate expects 0 arguments, 1 provided
[8.492s] gmake[2]: *** [CMakeFiles/angle_calculator_node.dir/build.make:76: CMakeFiles/angle_calculator_node.dir/src/angle_calculator_node.cpp.o] Error 1
[8.492s] gmake[1]: *** [CMakeFiles/Makefile2:137: CMakeFiles/angle_calculator_node.dir/all] Error 2
[8.492s] gmake: *** [Makefile:146: all] Error 2
[8.500s] Invoked command in '/home/luky/mavros_ros2_ws/src/build/angle_calculator' returned '2': CMAKE_PREFIX_PATH=${CMAKE_PREFIX_PATH}:/home/luky/ros2_ws/install/my_robot_controller:/opt/ros/humble /home/luky/.local/bin/cmake --build /home/luky/mavros_ros2_ws/src/build/angle_calculator -- -j8 -l8
