[0.031s] Invoking command in '/home/luky/mavros_ros2_ws/src/build/libmavconn': CMAKE_PREFIX_PATH=${CMAKE_PREFIX_PATH}:/home/luky/ros2_ws/install/my_robot_controller:/opt/ros/humble /home/luky/.local/bin/cmake --build /home/luky/mavros_ros2_ws/src/build/libmavconn -- -j8 -l8
[0.076s] [ 16%] Built target gtest_main
[0.077s] [ 33%] Built target gtest
[0.102s] [ 83%] Built target mavconn
[0.124s] [100%] Built target test_mavconn
[0.133s] Invoked command in '/home/luky/mavros_ros2_ws/src/build/libmavconn' returned '0': CMAKE_PREFIX_PATH=${CMAKE_PREFIX_PATH}:/home/luky/ros2_ws/install/my_robot_controller:/opt/ros/humble /home/luky/.local/bin/cmake --build /home/luky/mavros_ros2_ws/src/build/libmavconn -- -j8 -l8
[0.256s] Invoking command in '/home/luky/mavros_ros2_ws/src/build/libmavconn': CMAKE_PREFIX_PATH=${CMAKE_PREFIX_PATH}:/home/luky/ros2_ws/install/my_robot_controller:/opt/ros/humble /home/luky/.local/bin/cmake --install /home/luky/mavros_ros2_ws/src/build/libmavconn
[0.292s] -- Install configuration: ""
[0.292s] -- Installing: /home/luky/mavros_ros2_ws/src/install/libmavconn/lib/libmavconn.so
[0.294s] -- Installing: /home/luky/mavros_ros2_ws/src/install/libmavconn/include
[0.294s] -- Installing: /home/luky/mavros_ros2_ws/src/install/libmavconn/include/mavconn
[0.294s] -- Installing: /home/luky/mavros_ros2_ws/src/install/libmavconn/include/mavconn/tcp.hpp
[0.294s] -- Installing: /home/luky/mavros_ros2_ws/src/install/libmavconn/include/mavconn/serial.hpp
[0.295s] -- Installing: /home/luky/mavros_ros2_ws/src/install/libmavconn/include/mavconn/mavlink_dialect.hpp.em
[0.295s] -- Installing: /home/luky/mavros_ros2_ws/src/install/libmavconn/include/mavconn/interface.hpp
[0.295s] -- Installing: /home/luky/mavros_ros2_ws/src/install/libmavconn/include/mavconn/console_bridge_compat.hpp
[0.295s] -- Installing: /home/luky/mavros_ros2_ws/src/install/libmavconn/include/mavconn/mavlink_dialect.hpp
[0.295s] -- Installing: /home/luky/mavros_ros2_ws/src/install/libmavconn/include/mavconn/udp.hpp
[0.295s] -- Installing: /home/luky/mavros_ros2_ws/src/install/libmavconn/include/mavconn/msgbuffer.hpp
[0.295s] -- Installing: /home/luky/mavros_ros2_ws/src/install/libmavconn/include/mavconn/thread_utils.hpp
[0.295s] -- Up-to-date: /home/luky/mavros_ros2_ws/src/install/libmavconn/include/mavconn
[0.295s] -- Up-to-date: /home/luky/mavros_ros2_ws/src/install/libmavconn/include/mavconn/mavlink_dialect.hpp
[0.295s] -- Installing: /home/luky/mavros_ros2_ws/src/install/libmavconn/share/libmavconn/cmake
[0.295s] -- Installing: /home/luky/mavros_ros2_ws/src/install/libmavconn/share/libmavconn/cmake/Modules
[0.295s] -- Installing: /home/luky/mavros_ros2_ws/src/install/libmavconn/share/libmavconn/cmake/Modules/CheckGeographicLibDatasets.cmake
[0.296s] -- Installing: /home/luky/mavros_ros2_ws/src/install/libmavconn/share/libmavconn/cmake/Modules/FindASIO.cmake
[0.296s] -- Installing: /home/luky/mavros_ros2_ws/src/install/libmavconn/share/libmavconn/cmake/Modules/em_expand.cmake
[0.296s] -- Installing: /home/luky/mavros_ros2_ws/src/install/libmavconn/share/libmavconn/environment/library_path.sh
[0.296s] -- Installing: /home/luky/mavros_ros2_ws/src/install/libmavconn/share/libmavconn/environment/library_path.dsv
[0.296s] -- Installing: /home/luky/mavros_ros2_ws/src/install/libmavconn/share/ament_index/resource_index/package_run_dependencies/libmavconn
[0.296s] -- Installing: /home/luky/mavros_ros2_ws/src/install/libmavconn/share/ament_index/resource_index/parent_prefix_path/libmavconn
[0.297s] -- Installing: /home/luky/mavros_ros2_ws/src/install/libmavconn/share/libmavconn/environment/ament_prefix_path.sh
[0.297s] -- Installing: /home/luky/mavros_ros2_ws/src/install/libmavconn/share/libmavconn/environment/ament_prefix_path.dsv
[0.297s] -- Installing: /home/luky/mavros_ros2_ws/src/install/libmavconn/share/libmavconn/environment/path.sh
[0.297s] -- Installing: /home/luky/mavros_ros2_ws/src/install/libmavconn/share/libmavconn/environment/path.dsv
[0.297s] -- Installing: /home/luky/mavros_ros2_ws/src/install/libmavconn/share/libmavconn/local_setup.bash
[0.297s] -- Installing: /home/luky/mavros_ros2_ws/src/install/libmavconn/share/libmavconn/local_setup.sh
[0.297s] -- Installing: /home/luky/mavros_ros2_ws/src/install/libmavconn/share/libmavconn/local_setup.zsh
[0.297s] -- Installing: /home/luky/mavros_ros2_ws/src/install/libmavconn/share/libmavconn/local_setup.dsv
[0.297s] -- Installing: /home/luky/mavros_ros2_ws/src/install/libmavconn/share/libmavconn/package.dsv
[0.298s] -- Installing: /home/luky/mavros_ros2_ws/src/install/libmavconn/share/ament_index/resource_index/packages/libmavconn
[0.298s] -- Installing: /home/luky/mavros_ros2_ws/src/install/libmavconn/share/libmavconn/cmake/libmavconn-extras.cmake
[0.298s] -- Installing: /home/luky/mavros_ros2_ws/src/install/libmavconn/share/libmavconn/cmake/ament_cmake_export_dependencies-extras.cmake
[0.298s] -- Installing: /home/luky/mavros_ros2_ws/src/install/libmavconn/share/libmavconn/cmake/ament_cmake_export_include_directories-extras.cmake
[0.298s] -- Installing: /home/luky/mavros_ros2_ws/src/install/libmavconn/share/libmavconn/cmake/ament_cmake_export_libraries-extras.cmake
[0.298s] -- Installing: /home/luky/mavros_ros2_ws/src/install/libmavconn/share/libmavconn/cmake/libmavconnConfig.cmake
[0.298s] -- Installing: /home/luky/mavros_ros2_ws/src/install/libmavconn/share/libmavconn/cmake/libmavconnConfig-version.cmake
[0.298s] -- Installing: /home/luky/mavros_ros2_ws/src/install/libmavconn/share/libmavconn/package.xml
[0.306s] Invoked command in '/home/luky/mavros_ros2_ws/src/build/libmavconn' returned '0': CMAKE_PREFIX_PATH=${CMAKE_PREFIX_PATH}:/home/luky/ros2_ws/install/my_robot_controller:/opt/ros/humble /home/luky/.local/bin/cmake --install /home/luky/mavros_ros2_ws/src/build/libmavconn
