[0.199s] DEBUG:colcon:Command line arguments: ['/usr/bin/colcon', 'build', '--packages-select', 'px4_msgs']
[0.199s] DEBUG:colcon:Parsed command line arguments: Namespace(log_base=None, log_level=None, verb_name='build', build_base='build', install_base='install', merge_install=False, symlink_install=False, test_result_base=None, continue_on_error=False, executor='parallel', parallel_workers=8, event_handlers=None, ignore_user_meta=False, metas=['./colcon.meta'], base_paths=['.'], packages_ignore=None, packages_ignore_regex=None, paths=None, packages_up_to=None, packages_up_to_regex=None, packages_above=None, packages_above_and_dependencies=None, packages_above_depth=None, packages_select_by_dep=None, packages_skip_by_dep=None, packages_skip_up_to=None, packages_select_build_failed=False, packages_skip_build_finished=False, packages_select_test_failures=False, packages_skip_test_passed=False, packages_select=['px4_msgs'], packages_skip=None, packages_select_regex=None, packages_skip_regex=None, packages_start=None, packages_end=None, allow_overriding=[], cmake_args=None, cmake_target=None, cmake_target_skip_unavailable=False, cmake_clean_cache=False, cmake_clean_first=False, cmake_force_configure=False, ament_cmake_args=None, catkin_cmake_args=None, catkin_skip_building_tests=False, verb_parser=<colcon_defaults.argument_parser.defaults.DefaultArgumentsDecorator object at 0x7f9fedff12a0>, verb_extension=<colcon_core.verb.build.BuildVerb object at 0x7f9fee59ed70>, main=<bound method BuildVerb.main of <colcon_core.verb.build.BuildVerb object at 0x7f9fee59ed70>>)
[0.219s] Level 1:colcon.colcon_core.package_discovery:discover_packages(colcon_meta) check parameters
[0.220s] Level 1:colcon.colcon_core.package_discovery:discover_packages(recursive) check parameters
[0.220s] Level 1:colcon.colcon_core.package_discovery:discover_packages(ignore) check parameters
[0.220s] Level 1:colcon.colcon_core.package_discovery:discover_packages(path) check parameters
[0.220s] Level 1:colcon.colcon_core.package_discovery:discover_packages(colcon_meta) discover
[0.220s] Level 1:colcon.colcon_core.package_discovery:discover_packages(recursive) discover
[0.220s] INFO:colcon.colcon_core.package_discovery:Crawling recursively for packages in '/home/luky/mavros_ros2_ws/src'
[0.220s] Level 1:colcon.colcon_core.package_identification:_identify(.) by extensions ['ignore', 'ignore_ament_install']
[0.220s] Level 1:colcon.colcon_core.package_identification:_identify(.) by extension 'ignore'
[0.220s] Level 1:colcon.colcon_core.package_identification:_identify(.) by extension 'ignore_ament_install'
[0.220s] Level 1:colcon.colcon_core.package_identification:_identify(.) by extensions ['colcon_pkg']
[0.220s] Level 1:colcon.colcon_core.package_identification:_identify(.) by extension 'colcon_pkg'
[0.220s] Level 1:colcon.colcon_core.package_identification:_identify(.) by extensions ['colcon_meta']
[0.220s] Level 1:colcon.colcon_core.package_identification:_identify(.) by extension 'colcon_meta'
[0.220s] Level 1:colcon.colcon_core.package_identification:_identify(.) by extensions ['ros']
[0.220s] Level 1:colcon.colcon_core.package_identification:_identify(.) by extension 'ros'
[0.229s] Level 1:colcon.colcon_core.package_identification:_identify(.) by extensions ['cmake', 'python']
[0.229s] Level 1:colcon.colcon_core.package_identification:_identify(.) by extension 'cmake'
[0.229s] Level 1:colcon.colcon_core.package_identification:_identify(.) by extension 'python'
[0.229s] Level 1:colcon.colcon_core.package_identification:_identify(.) by extensions ['python_setup_py']
[0.229s] Level 1:colcon.colcon_core.package_identification:_identify(.) by extension 'python_setup_py'
[0.229s] Level 1:colcon.colcon_core.package_identification:_identify(build) by extensions ['ignore', 'ignore_ament_install']
[0.229s] Level 1:colcon.colcon_core.package_identification:_identify(build) by extension 'ignore'
[0.229s] Level 1:colcon.colcon_core.package_identification:_identify(build) ignored
[0.230s] Level 1:colcon.colcon_core.package_identification:_identify(install) by extensions ['ignore', 'ignore_ament_install']
[0.230s] Level 1:colcon.colcon_core.package_identification:_identify(install) by extension 'ignore'
[0.230s] Level 1:colcon.colcon_core.package_identification:_identify(install) ignored
[0.230s] Level 1:colcon.colcon_core.package_identification:_identify(load_imu_subscriber) by extensions ['ignore', 'ignore_ament_install']
[0.230s] Level 1:colcon.colcon_core.package_identification:_identify(load_imu_subscriber) by extension 'ignore'
[0.230s] Level 1:colcon.colcon_core.package_identification:_identify(load_imu_subscriber) by extension 'ignore_ament_install'
[0.230s] Level 1:colcon.colcon_core.package_identification:_identify(load_imu_subscriber) by extensions ['colcon_pkg']
[0.230s] Level 1:colcon.colcon_core.package_identification:_identify(load_imu_subscriber) by extension 'colcon_pkg'
[0.230s] Level 1:colcon.colcon_core.package_identification:_identify(load_imu_subscriber) by extensions ['colcon_meta']
[0.230s] Level 1:colcon.colcon_core.package_identification:_identify(load_imu_subscriber) by extension 'colcon_meta'
[0.230s] Level 1:colcon.colcon_core.package_identification:_identify(load_imu_subscriber) by extensions ['ros']
[0.230s] Level 1:colcon.colcon_core.package_identification:_identify(load_imu_subscriber) by extension 'ros'
[0.232s] DEBUG:colcon.colcon_core.package_identification:Package 'load_imu_subscriber' with type 'ros.ament_cmake' and name 'load_imu_subscriber'
[0.232s] Level 1:colcon.colcon_core.package_identification:_identify(log) by extensions ['ignore', 'ignore_ament_install']
[0.232s] Level 1:colcon.colcon_core.package_identification:_identify(log) by extension 'ignore'
[0.232s] Level 1:colcon.colcon_core.package_identification:_identify(log) ignored
[0.232s] Level 1:colcon.colcon_core.package_identification:_identify(mavros) by extensions ['ignore', 'ignore_ament_install']
[0.232s] Level 1:colcon.colcon_core.package_identification:_identify(mavros) by extension 'ignore'
[0.232s] Level 1:colcon.colcon_core.package_identification:_identify(mavros) by extension 'ignore_ament_install'
[0.232s] Level 1:colcon.colcon_core.package_identification:_identify(mavros) by extensions ['colcon_pkg']
[0.232s] Level 1:colcon.colcon_core.package_identification:_identify(mavros) by extension 'colcon_pkg'
[0.232s] Level 1:colcon.colcon_core.package_identification:_identify(mavros) by extensions ['colcon_meta']
[0.232s] Level 1:colcon.colcon_core.package_identification:_identify(mavros) by extension 'colcon_meta'
[0.232s] Level 1:colcon.colcon_core.package_identification:_identify(mavros) by extensions ['ros']
[0.232s] Level 1:colcon.colcon_core.package_identification:_identify(mavros) by extension 'ros'
[0.232s] Level 1:colcon.colcon_core.package_identification:_identify(mavros) by extensions ['cmake', 'python']
[0.232s] Level 1:colcon.colcon_core.package_identification:_identify(mavros) by extension 'cmake'
[0.232s] Level 1:colcon.colcon_core.package_identification:_identify(mavros) by extension 'python'
[0.232s] Level 1:colcon.colcon_core.package_identification:_identify(mavros) by extensions ['python_setup_py']
[0.232s] Level 1:colcon.colcon_core.package_identification:_identify(mavros) by extension 'python_setup_py'
[0.232s] Level 1:colcon.colcon_core.package_identification:_identify(mavros/libmavconn) by extensions ['ignore', 'ignore_ament_install']
[0.232s] Level 1:colcon.colcon_core.package_identification:_identify(mavros/libmavconn) by extension 'ignore'
[0.232s] Level 1:colcon.colcon_core.package_identification:_identify(mavros/libmavconn) by extension 'ignore_ament_install'
[0.232s] Level 1:colcon.colcon_core.package_identification:_identify(mavros/libmavconn) by extensions ['colcon_pkg']
[0.232s] Level 1:colcon.colcon_core.package_identification:_identify(mavros/libmavconn) by extension 'colcon_pkg'
[0.232s] Level 1:colcon.colcon_core.package_identification:_identify(mavros/libmavconn) by extensions ['colcon_meta']
[0.232s] Level 1:colcon.colcon_core.package_identification:_identify(mavros/libmavconn) by extension 'colcon_meta'
[0.232s] Level 1:colcon.colcon_core.package_identification:_identify(mavros/libmavconn) by extensions ['ros']
[0.232s] Level 1:colcon.colcon_core.package_identification:_identify(mavros/libmavconn) by extension 'ros'
[0.233s] DEBUG:colcon.colcon_core.package_identification:Package 'mavros/libmavconn' with type 'ros.ament_cmake' and name 'libmavconn'
[0.233s] Level 1:colcon.colcon_core.package_identification:_identify(mavros/mavros) by extensions ['ignore', 'ignore_ament_install']
[0.233s] Level 1:colcon.colcon_core.package_identification:_identify(mavros/mavros) by extension 'ignore'
[0.233s] Level 1:colcon.colcon_core.package_identification:_identify(mavros/mavros) by extension 'ignore_ament_install'
[0.233s] Level 1:colcon.colcon_core.package_identification:_identify(mavros/mavros) by extensions ['colcon_pkg']
[0.233s] Level 1:colcon.colcon_core.package_identification:_identify(mavros/mavros) by extension 'colcon_pkg'
[0.233s] Level 1:colcon.colcon_core.package_identification:_identify(mavros/mavros) by extensions ['colcon_meta']
[0.233s] Level 1:colcon.colcon_core.package_identification:_identify(mavros/mavros) by extension 'colcon_meta'
[0.233s] Level 1:colcon.colcon_core.package_identification:_identify(mavros/mavros) by extensions ['ros']
[0.233s] Level 1:colcon.colcon_core.package_identification:_identify(mavros/mavros) by extension 'ros'
[0.236s] DEBUG:colcon.colcon_core.package_identification:Package 'mavros/mavros' with type 'ros.ament_cmake' and name 'mavros'
[0.236s] Level 1:colcon.colcon_core.package_identification:_identify(mavros/mavros_extras) by extensions ['ignore', 'ignore_ament_install']
[0.236s] Level 1:colcon.colcon_core.package_identification:_identify(mavros/mavros_extras) by extension 'ignore'
[0.236s] Level 1:colcon.colcon_core.package_identification:_identify(mavros/mavros_extras) by extension 'ignore_ament_install'
[0.236s] Level 1:colcon.colcon_core.package_identification:_identify(mavros/mavros_extras) by extensions ['colcon_pkg']
[0.236s] Level 1:colcon.colcon_core.package_identification:_identify(mavros/mavros_extras) by extension 'colcon_pkg'
[0.236s] Level 1:colcon.colcon_core.package_identification:_identify(mavros/mavros_extras) by extensions ['colcon_meta']
[0.236s] Level 1:colcon.colcon_core.package_identification:_identify(mavros/mavros_extras) by extension 'colcon_meta'
[0.236s] Level 1:colcon.colcon_core.package_identification:_identify(mavros/mavros_extras) by extensions ['ros']
[0.236s] Level 1:colcon.colcon_core.package_identification:_identify(mavros/mavros_extras) by extension 'ros'
[0.238s] DEBUG:colcon.colcon_core.package_identification:Package 'mavros/mavros_extras' with type 'ros.ament_cmake' and name 'mavros_extras'
[0.238s] Level 1:colcon.colcon_core.package_identification:_identify(mavros/mavros_msgs) by extensions ['ignore', 'ignore_ament_install']
[0.238s] Level 1:colcon.colcon_core.package_identification:_identify(mavros/mavros_msgs) by extension 'ignore'
[0.238s] Level 1:colcon.colcon_core.package_identification:_identify(mavros/mavros_msgs) by extension 'ignore_ament_install'
[0.238s] Level 1:colcon.colcon_core.package_identification:_identify(mavros/mavros_msgs) by extensions ['colcon_pkg']
[0.238s] Level 1:colcon.colcon_core.package_identification:_identify(mavros/mavros_msgs) by extension 'colcon_pkg'
[0.238s] Level 1:colcon.colcon_core.package_identification:_identify(mavros/mavros_msgs) by extensions ['colcon_meta']
[0.238s] Level 1:colcon.colcon_core.package_identification:_identify(mavros/mavros_msgs) by extension 'colcon_meta'
[0.238s] Level 1:colcon.colcon_core.package_identification:_identify(mavros/mavros_msgs) by extensions ['ros']
[0.238s] Level 1:colcon.colcon_core.package_identification:_identify(mavros/mavros_msgs) by extension 'ros'
[0.239s] DEBUG:colcon.colcon_core.package_identification:Package 'mavros/mavros_msgs' with type 'ros.ament_cmake' and name 'mavros_msgs'
[0.239s] Level 1:colcon.colcon_core.package_identification:_identify(mavros/test_mavros) by extensions ['ignore', 'ignore_ament_install']
[0.239s] Level 1:colcon.colcon_core.package_identification:_identify(mavros/test_mavros) by extension 'ignore'
[0.239s] Level 1:colcon.colcon_core.package_identification:_identify(mavros/test_mavros) ignored
[0.239s] Level 1:colcon.colcon_core.package_identification:_identify(move_forward) by extensions ['ignore', 'ignore_ament_install']
[0.239s] Level 1:colcon.colcon_core.package_identification:_identify(move_forward) by extension 'ignore'
[0.239s] Level 1:colcon.colcon_core.package_identification:_identify(move_forward) by extension 'ignore_ament_install'
[0.239s] Level 1:colcon.colcon_core.package_identification:_identify(move_forward) by extensions ['colcon_pkg']
[0.239s] Level 1:colcon.colcon_core.package_identification:_identify(move_forward) by extension 'colcon_pkg'
[0.239s] Level 1:colcon.colcon_core.package_identification:_identify(move_forward) by extensions ['colcon_meta']
[0.239s] Level 1:colcon.colcon_core.package_identification:_identify(move_forward) by extension 'colcon_meta'
[0.239s] Level 1:colcon.colcon_core.package_identification:_identify(move_forward) by extensions ['ros']
[0.239s] Level 1:colcon.colcon_core.package_identification:_identify(move_forward) by extension 'ros'
[0.239s] DEBUG:colcon.colcon_core.package_identification:Package 'move_forward' with type 'ros.ament_cmake' and name 'move_forward'
[0.240s] Level 1:colcon.colcon_core.package_identification:_identify(px4_msgs) by extensions ['ignore', 'ignore_ament_install']
[0.240s] Level 1:colcon.colcon_core.package_identification:_identify(px4_msgs) by extension 'ignore'
[0.240s] Level 1:colcon.colcon_core.package_identification:_identify(px4_msgs) by extension 'ignore_ament_install'
[0.240s] Level 1:colcon.colcon_core.package_identification:_identify(px4_msgs) by extensions ['colcon_pkg']
[0.240s] Level 1:colcon.colcon_core.package_identification:_identify(px4_msgs) by extension 'colcon_pkg'
[0.240s] Level 1:colcon.colcon_core.package_identification:_identify(px4_msgs) by extensions ['colcon_meta']
[0.240s] Level 1:colcon.colcon_core.package_identification:_identify(px4_msgs) by extension 'colcon_meta'
[0.240s] Level 1:colcon.colcon_core.package_identification:_identify(px4_msgs) by extensions ['ros']
[0.240s] Level 1:colcon.colcon_core.package_identification:_identify(px4_msgs) by extension 'ros'
[0.240s] DEBUG:colcon.colcon_core.package_identification:Package 'px4_msgs' with type 'ros.ament_cmake' and name 'px4_msgs'
[0.240s] Level 1:colcon.colcon_core.package_discovery:discover_packages(recursive) using defaults
[0.240s] Level 1:colcon.colcon_core.package_discovery:discover_packages(ignore) discover
[0.240s] Level 1:colcon.colcon_core.package_discovery:discover_packages(ignore) using defaults
[0.240s] Level 1:colcon.colcon_core.package_discovery:discover_packages(path) discover
[0.240s] Level 1:colcon.colcon_core.package_discovery:discover_packages(path) using defaults
[0.257s] INFO:colcon.colcon_core.package_selection:Skipping not selected package 'libmavconn' in 'mavros/libmavconn'
[0.257s] INFO:colcon.colcon_core.package_selection:Skipping not selected package 'load_imu_subscriber' in 'load_imu_subscriber'
[0.257s] INFO:colcon.colcon_core.package_selection:Skipping not selected package 'mavros_msgs' in 'mavros/mavros_msgs'
[0.257s] INFO:colcon.colcon_core.package_selection:Skipping not selected package 'move_forward' in 'move_forward'
[0.257s] INFO:colcon.colcon_core.package_selection:Skipping not selected package 'mavros' in 'mavros/mavros'
[0.257s] INFO:colcon.colcon_core.package_selection:Skipping not selected package 'mavros_extras' in 'mavros/mavros_extras'
[0.258s] Level 1:colcon.colcon_core.package_discovery:discover_packages(prefix_path) check parameters
[0.258s] Level 1:colcon.colcon_core.package_discovery:discover_packages(prefix_path) discover
[0.259s] WARNING:colcon.colcon_ros.prefix_path.ament:The path '/home/luky/mavros_ros2_ws/install/load_imu_subscriber' in the environment variable AMENT_PREFIX_PATH doesn't exist
[0.260s] WARNING:colcon.colcon_ros.prefix_path.catkin:The path '/home/luky/mavros_ros2_ws/install/load_imu_subscriber' in the environment variable CMAKE_PREFIX_PATH doesn't exist
[0.260s] DEBUG:colcon.colcon_installed_package_information.package_discovery:Found 2 installed packages in /home/luky/mavros_ros2_ws/install
[0.261s] DEBUG:colcon.colcon_installed_package_information.package_discovery:Found 1 installed packages in /home/luky/ros2_ws/install
[0.262s] DEBUG:colcon.colcon_installed_package_information.package_discovery:Found 300 installed packages in /opt/ros/humble
[0.264s] Level 1:colcon.colcon_core.package_discovery:discover_packages(prefix_path) using defaults
[0.305s] Level 5:colcon.colcon_core.verb:set package 'px4_msgs' build argument 'cmake_args' from command line to 'None'
[0.305s] Level 5:colcon.colcon_core.verb:set package 'px4_msgs' build argument 'cmake_target' from command line to 'None'
[0.305s] Level 5:colcon.colcon_core.verb:set package 'px4_msgs' build argument 'cmake_target_skip_unavailable' from command line to 'False'
[0.305s] Level 5:colcon.colcon_core.verb:set package 'px4_msgs' build argument 'cmake_clean_cache' from command line to 'False'
[0.305s] Level 5:colcon.colcon_core.verb:set package 'px4_msgs' build argument 'cmake_clean_first' from command line to 'False'
[0.305s] Level 5:colcon.colcon_core.verb:set package 'px4_msgs' build argument 'cmake_force_configure' from command line to 'False'
[0.305s] Level 5:colcon.colcon_core.verb:set package 'px4_msgs' build argument 'ament_cmake_args' from command line to 'None'
[0.305s] Level 5:colcon.colcon_core.verb:set package 'px4_msgs' build argument 'catkin_cmake_args' from command line to 'None'
[0.305s] Level 5:colcon.colcon_core.verb:set package 'px4_msgs' build argument 'catkin_skip_building_tests' from command line to 'False'
[0.305s] DEBUG:colcon.colcon_core.verb:Building package 'px4_msgs' with the following arguments: {'ament_cmake_args': None, 'build_base': '/home/luky/mavros_ros2_ws/src/build/px4_msgs', 'catkin_cmake_args': None, 'catkin_skip_building_tests': False, 'cmake_args': None, 'cmake_clean_cache': False, 'cmake_clean_first': False, 'cmake_force_configure': False, 'cmake_target': None, 'cmake_target_skip_unavailable': False, 'install_base': '/home/luky/mavros_ros2_ws/src/install/px4_msgs', 'merge_install': False, 'path': '/home/luky/mavros_ros2_ws/src/px4_msgs', 'symlink_install': False, 'test_result_base': None}
[0.305s] INFO:colcon.colcon_core.executor:Executing jobs using 'parallel' executor
[0.308s] DEBUG:colcon.colcon_parallel_executor.executor.parallel:run_until_complete
[0.308s] INFO:colcon.colcon_ros.task.ament_cmake.build:Building ROS package in '/home/luky/mavros_ros2_ws/src/px4_msgs' with build type 'ament_cmake'
[0.308s] INFO:colcon.colcon_cmake.task.cmake.build:Building CMake package in '/home/luky/mavros_ros2_ws/src/px4_msgs'
[0.311s] INFO:colcon.colcon_core.plugin_system:Skipping extension 'colcon_core.shell.bat': Not used on non-Windows systems
[0.311s] INFO:colcon.colcon_core.shell:Skip shell extension 'powershell' for command environment: Not usable outside of PowerShell
[0.311s] DEBUG:colcon.colcon_core.shell:Skip shell extension 'dsv' for command environment
[0.319s] DEBUG:colcon.colcon_core.event_handler.log_command:Invoking command in '/home/luky/mavros_ros2_ws/src/build/px4_msgs': CMAKE_PREFIX_PATH=${CMAKE_PREFIX_PATH}:/home/luky/ros2_ws/install/my_robot_controller:/opt/ros/humble /home/luky/.local/bin/cmake /home/luky/mavros_ros2_ws/src/px4_msgs -DCMAKE_INSTALL_PREFIX=/home/luky/mavros_ros2_ws/src/install/px4_msgs
[2.927s] DEBUG:colcon.colcon_core.event_handler.log_command:Invoked command in '/home/luky/mavros_ros2_ws/src/build/px4_msgs' returned '0': CMAKE_PREFIX_PATH=${CMAKE_PREFIX_PATH}:/home/luky/ros2_ws/install/my_robot_controller:/opt/ros/humble /home/luky/.local/bin/cmake /home/luky/mavros_ros2_ws/src/px4_msgs -DCMAKE_INSTALL_PREFIX=/home/luky/mavros_ros2_ws/src/install/px4_msgs
[2.929s] DEBUG:colcon.colcon_core.event_handler.log_command:Invoking command in '/home/luky/mavros_ros2_ws/src/build/px4_msgs': CMAKE_PREFIX_PATH=${CMAKE_PREFIX_PATH}:/home/luky/ros2_ws/install/my_robot_controller:/opt/ros/humble /home/luky/.local/bin/cmake --build /home/luky/mavros_ros2_ws/src/build/px4_msgs -- -j8 -l8
[175.110s] DEBUG:colcon.colcon_core.event_handler.log_command:Invoked command in '/home/luky/mavros_ros2_ws/src/build/px4_msgs' returned '0': CMAKE_PREFIX_PATH=${CMAKE_PREFIX_PATH}:/home/luky/ros2_ws/install/my_robot_controller:/opt/ros/humble /home/luky/.local/bin/cmake --build /home/luky/mavros_ros2_ws/src/build/px4_msgs -- -j8 -l8
[177.365s] DEBUG:colcon.colcon_core.event_handler.log_command:Invoking command in '/home/luky/mavros_ros2_ws/src/build/px4_msgs': CMAKE_PREFIX_PATH=${CMAKE_PREFIX_PATH}:/home/luky/ros2_ws/install/my_robot_controller:/opt/ros/humble /home/luky/.local/bin/cmake --install /home/luky/mavros_ros2_ws/src/build/px4_msgs
[177.915s] Level 1:colcon.colcon_core.environment:create_environment_scripts_only(px4_msgs)
[177.916s] DEBUG:colcon.colcon_core.event_handler.log_command:Invoked command in '/home/luky/mavros_ros2_ws/src/build/px4_msgs' returned '0': CMAKE_PREFIX_PATH=${CMAKE_PREFIX_PATH}:/home/luky/ros2_ws/install/my_robot_controller:/opt/ros/humble /home/luky/.local/bin/cmake --install /home/luky/mavros_ros2_ws/src/build/px4_msgs
[177.918s] Level 1:colcon.colcon_core.environment:checking '/home/luky/mavros_ros2_ws/src/install/px4_msgs' for CMake module files
[177.918s] Level 1:colcon.colcon_core.environment:checking '/home/luky/mavros_ros2_ws/src/install/px4_msgs' for CMake config files
[177.921s] Level 1:colcon.colcon_core.shell:create_environment_hook('px4_msgs', 'cmake_prefix_path')
[177.922s] INFO:colcon.colcon_core.shell:Creating environment hook '/home/luky/mavros_ros2_ws/src/install/px4_msgs/share/px4_msgs/hook/cmake_prefix_path.ps1'
[177.923s] INFO:colcon.colcon_core.shell:Creating environment descriptor '/home/luky/mavros_ros2_ws/src/install/px4_msgs/share/px4_msgs/hook/cmake_prefix_path.dsv'
[177.923s] INFO:colcon.colcon_core.shell:Creating environment hook '/home/luky/mavros_ros2_ws/src/install/px4_msgs/share/px4_msgs/hook/cmake_prefix_path.sh'
[177.924s] Level 1:colcon.colcon_core.environment:checking '/home/luky/mavros_ros2_ws/src/install/px4_msgs/lib'
[177.924s] Level 1:colcon.colcon_core.shell:create_environment_hook('px4_msgs', 'ld_library_path_lib')
[177.925s] INFO:colcon.colcon_core.shell:Creating environment hook '/home/luky/mavros_ros2_ws/src/install/px4_msgs/share/px4_msgs/hook/ld_library_path_lib.ps1'
[177.925s] INFO:colcon.colcon_core.shell:Creating environment descriptor '/home/luky/mavros_ros2_ws/src/install/px4_msgs/share/px4_msgs/hook/ld_library_path_lib.dsv'
[177.925s] INFO:colcon.colcon_core.shell:Creating environment hook '/home/luky/mavros_ros2_ws/src/install/px4_msgs/share/px4_msgs/hook/ld_library_path_lib.sh'
[177.925s] Level 1:colcon.colcon_core.environment:checking '/home/luky/mavros_ros2_ws/src/install/px4_msgs/bin'
[177.925s] Level 1:colcon.colcon_core.environment:checking '/home/luky/mavros_ros2_ws/src/install/px4_msgs/lib/pkgconfig/px4_msgs.pc'
[177.926s] Level 1:colcon.colcon_core.environment:checking '/home/luky/mavros_ros2_ws/src/install/px4_msgs/lib/python3.10/site-packages'
[177.926s] Level 1:colcon.colcon_core.environment:checking '/home/luky/mavros_ros2_ws/src/install/px4_msgs/bin'
[177.927s] INFO:colcon.colcon_core.shell:Creating package script '/home/luky/mavros_ros2_ws/src/install/px4_msgs/share/px4_msgs/package.ps1'
[177.927s] INFO:colcon.colcon_core.shell:Creating package descriptor '/home/luky/mavros_ros2_ws/src/install/px4_msgs/share/px4_msgs/package.dsv'
[177.927s] INFO:colcon.colcon_core.shell:Creating package script '/home/luky/mavros_ros2_ws/src/install/px4_msgs/share/px4_msgs/package.sh'
[177.928s] INFO:colcon.colcon_core.shell:Creating package script '/home/luky/mavros_ros2_ws/src/install/px4_msgs/share/px4_msgs/package.bash'
[177.928s] INFO:colcon.colcon_core.shell:Creating package script '/home/luky/mavros_ros2_ws/src/install/px4_msgs/share/px4_msgs/package.zsh'
[177.929s] Level 1:colcon.colcon_core.environment:create_file_with_runtime_dependencies(/home/luky/mavros_ros2_ws/src/install/px4_msgs/share/colcon-core/packages/px4_msgs)
[180.156s] Level 1:colcon.colcon_core.environment:create_environment_scripts_only(px4_msgs)
[180.158s] Level 1:colcon.colcon_core.environment:checking '/home/luky/mavros_ros2_ws/src/install/px4_msgs' for CMake module files
[180.158s] Level 1:colcon.colcon_core.environment:checking '/home/luky/mavros_ros2_ws/src/install/px4_msgs' for CMake config files
[180.162s] Level 1:colcon.colcon_core.shell:create_environment_hook('px4_msgs', 'cmake_prefix_path')
[180.164s] INFO:colcon.colcon_core.shell:Creating environment hook '/home/luky/mavros_ros2_ws/src/install/px4_msgs/share/px4_msgs/hook/cmake_prefix_path.ps1'
[180.164s] INFO:colcon.colcon_core.shell:Creating environment descriptor '/home/luky/mavros_ros2_ws/src/install/px4_msgs/share/px4_msgs/hook/cmake_prefix_path.dsv'
[180.165s] INFO:colcon.colcon_core.shell:Creating environment hook '/home/luky/mavros_ros2_ws/src/install/px4_msgs/share/px4_msgs/hook/cmake_prefix_path.sh'
[180.165s] Level 1:colcon.colcon_core.environment:checking '/home/luky/mavros_ros2_ws/src/install/px4_msgs/lib'
[180.165s] Level 1:colcon.colcon_core.shell:create_environment_hook('px4_msgs', 'ld_library_path_lib')
[180.166s] INFO:colcon.colcon_core.shell:Creating environment hook '/home/luky/mavros_ros2_ws/src/install/px4_msgs/share/px4_msgs/hook/ld_library_path_lib.ps1'
[180.166s] INFO:colcon.colcon_core.shell:Creating environment descriptor '/home/luky/mavros_ros2_ws/src/install/px4_msgs/share/px4_msgs/hook/ld_library_path_lib.dsv'
[180.166s] INFO:colcon.colcon_core.shell:Creating environment hook '/home/luky/mavros_ros2_ws/src/install/px4_msgs/share/px4_msgs/hook/ld_library_path_lib.sh'
[180.167s] Level 1:colcon.colcon_core.environment:checking '/home/luky/mavros_ros2_ws/src/install/px4_msgs/bin'
[180.167s] Level 1:colcon.colcon_core.environment:checking '/home/luky/mavros_ros2_ws/src/install/px4_msgs/lib/pkgconfig/px4_msgs.pc'
[180.167s] Level 1:colcon.colcon_core.environment:checking '/home/luky/mavros_ros2_ws/src/install/px4_msgs/lib/python3.10/site-packages'
[180.167s] Level 1:colcon.colcon_core.environment:checking '/home/luky/mavros_ros2_ws/src/install/px4_msgs/bin'
[180.168s] INFO:colcon.colcon_core.shell:Creating package script '/home/luky/mavros_ros2_ws/src/install/px4_msgs/share/px4_msgs/package.ps1'
[180.168s] INFO:colcon.colcon_core.shell:Creating package descriptor '/home/luky/mavros_ros2_ws/src/install/px4_msgs/share/px4_msgs/package.dsv'
[180.169s] INFO:colcon.colcon_core.shell:Creating package script '/home/luky/mavros_ros2_ws/src/install/px4_msgs/share/px4_msgs/package.sh'
[180.169s] INFO:colcon.colcon_core.shell:Creating package script '/home/luky/mavros_ros2_ws/src/install/px4_msgs/share/px4_msgs/package.bash'
[180.169s] INFO:colcon.colcon_core.shell:Creating package script '/home/luky/mavros_ros2_ws/src/install/px4_msgs/share/px4_msgs/package.zsh'
[180.169s] Level 1:colcon.colcon_core.environment:create_file_with_runtime_dependencies(/home/luky/mavros_ros2_ws/src/install/px4_msgs/share/colcon-core/packages/px4_msgs)
[180.169s] DEBUG:colcon.colcon_parallel_executor.executor.parallel:closing loop
[180.170s] DEBUG:colcon.colcon_parallel_executor.executor.parallel:loop closed
[180.170s] DEBUG:colcon.colcon_parallel_executor.executor.parallel:run_until_complete finished with '0'
[180.170s] DEBUG:colcon.colcon_core.event_reactor:joining thread
[180.173s] INFO:colcon.colcon_core.plugin_system:Skipping extension 'colcon_notification.desktop_notification.terminal_notifier': Not used on non-Darwin systems
[180.173s] INFO:colcon.colcon_core.plugin_system:Skipping extension 'colcon_notification.desktop_notification.win32': Not used on non-Windows systems
[180.173s] INFO:colcon.colcon_notification.desktop_notification:Sending desktop notification using 'notify2'
[180.184s] DEBUG:colcon.colcon_core.event_reactor:joined thread
[180.185s] INFO:colcon.colcon_core.shell:Creating prefix script '/home/luky/mavros_ros2_ws/src/install/local_setup.ps1'
[180.186s] INFO:colcon.colcon_core.shell:Creating prefix util module '/home/luky/mavros_ros2_ws/src/install/_local_setup_util_ps1.py'
[180.187s] INFO:colcon.colcon_core.shell:Creating prefix chain script '/home/luky/mavros_ros2_ws/src/install/setup.ps1'
[180.189s] INFO:colcon.colcon_core.shell:Creating prefix script '/home/luky/mavros_ros2_ws/src/install/local_setup.sh'
[180.189s] INFO:colcon.colcon_core.shell:Creating prefix util module '/home/luky/mavros_ros2_ws/src/install/_local_setup_util_sh.py'
[180.189s] INFO:colcon.colcon_core.shell:Creating prefix chain script '/home/luky/mavros_ros2_ws/src/install/setup.sh'
[180.190s] INFO:colcon.colcon_core.shell:Creating prefix script '/home/luky/mavros_ros2_ws/src/install/local_setup.bash'
[180.191s] INFO:colcon.colcon_core.shell:Creating prefix chain script '/home/luky/mavros_ros2_ws/src/install/setup.bash'
[180.191s] INFO:colcon.colcon_core.shell:Creating prefix script '/home/luky/mavros_ros2_ws/src/install/local_setup.zsh'
[180.192s] INFO:colcon.colcon_core.shell:Creating prefix chain script '/home/luky/mavros_ros2_ws/src/install/setup.zsh'
