[0.023s] Invoking command in '/home/luky/mavros_ros2_ws/src/build/mavros_msgs': CMAKE_PREFIX_PATH=${CMAKE_PREFIX_PATH}:/home/luky/ros2_ws/install/my_robot_controller:/opt/ros/humble /home/luky/.local/bin/cmake /home/luky/mavros_ros2_ws/src/mavros/mavros_msgs -DCMAKE_INSTALL_PREFIX=/home/luky/mavros_ros2_ws/src/install/mavros_msgs
[0.078s] -- The C compiler identification is GNU 11.4.0
[0.126s] -- The CXX compiler identification is GNU 11.4.0
[0.135s] -- Detecting C compiler ABI info
[0.183s] -- Detecting C compiler ABI info - done
[0.198s] -- Check for working C compiler: /usr/bin/cc - skipped
[0.198s] -- Detecting C compile features
[0.199s] -- Detecting C compile features - done
[0.203s] -- Detecting CXX compiler ABI info
[0.255s] -- Detecting CXX compiler ABI info - done
[0.263s] -- Check for working CXX compiler: /usr/bin/c++ - skipped
[0.263s] -- Detecting CXX compile features
[0.264s] -- Detecting CXX compile features - done
[0.265s] -- Found ament_cmake: 1.3.5 (/opt/ros/humble/share/ament_cmake/cmake)
[0.990s] -- Found Python3: /usr/bin/python3.10 (found version "3.10.12") found components: Interpreter 
[1.091s] -- Found rosidl_default_generators: 1.2.0 (/opt/ros/humble/share/rosidl_default_generators/cmake)
[1.095s] -- Using all available rosidl_typesupport_c: rosidl_typesupport_fastrtps_c;rosidl_typesupport_introspection_c
[1.102s] -- Found rosidl_adapter: 3.1.5 (/opt/ros/humble/share/rosidl_adapter/cmake)
[1.139s] -- Using all available rosidl_typesupport_cpp: rosidl_typesupport_fastrtps_cpp;rosidl_typesupport_introspection_cpp
[1.173s] -- Found builtin_interfaces: 1.2.1 (/opt/ros/humble/share/builtin_interfaces/cmake)
[1.197s] -- Found rcl_interfaces: 1.2.1 (/opt/ros/humble/share/rcl_interfaces/cmake)
[1.237s] -- Found geographic_msgs: 1.0.5 (/opt/ros/humble/share/geographic_msgs/cmake)
[1.605s] -- Found sensor_msgs: 4.2.3 (/opt/ros/humble/share/sensor_msgs/cmake)
[4.005s] -- Found ament_cmake_ros: 0.10.0 (/opt/ros/humble/share/ament_cmake_ros/cmake)
[4.443s] -- Using all available rosidl_typesupport_c: rosidl_typesupport_fastrtps_c;rosidl_typesupport_introspection_c
[5.027s] -- Using all available rosidl_typesupport_cpp: rosidl_typesupport_fastrtps_cpp;rosidl_typesupport_introspection_cpp
[5.063s] -- Found PythonInterp: /usr/bin/python3 (found suitable version "3.10.12", minimum required is "3.6") 
[5.067s] -- Found python_cmake_module: 0.10.0 (/opt/ros/humble/share/python_cmake_module/cmake)
[5.103s] -- Found PythonLibs: /usr/lib/x86_64-linux-gnu/libpython3.10.so (found suitable version "3.10.12", minimum required is "3.5") 
[5.103s] -- Using PYTHON_EXECUTABLE: /usr/bin/python3
[5.104s] -- Using PYTHON_INCLUDE_DIRS: /usr/include/python3.10
[5.104s] -- Using PYTHON_LIBRARIES: /usr/lib/x86_64-linux-gnu/libpython3.10.so
[5.134s] -- Found PythonExtra: .so  
[5.321s] -- Found ament_lint_auto: 0.12.7 (/opt/ros/humble/share/ament_lint_auto/cmake)
[5.351s] -- Added test 'cppcheck' to perform static code analysis on C / C++ code
[5.352s] -- Configured cppcheck include dirs: 
[5.352s] -- Configured cppcheck exclude dirs and/or files: 
[5.357s] -- Added test 'cpplint' to check C / C++ code against the Google style
[5.357s] -- Configured cpplint exclude dirs and/or files: 
[5.359s] -- Added test 'lint_cmake' to check CMake code style
[5.364s] -- Added test 'uncrustify' to check C / C++ code style
[5.364s] -- Configured uncrustify additional arguments: 
[5.365s] -- Added test 'xmllint' to check XML markup files
[5.368s] -- Configuring done (5.3s)
[5.733s] -- Generating done (0.3s)
[5.737s] -- Build files have been written to: /home/luky/mavros_ros2_ws/src/build/mavros_msgs
