[3.401s] DEBUG:colcon:Command line arguments: ['/usr/bin/colcon', 'build']
[3.402s] DEBUG:colcon:Parsed command line arguments: Namespace(log_base=None, log_level=None, verb_name='build', build_base='build', install_base='install', merge_install=False, symlink_install=False, test_result_base=None, continue_on_error=False, executor='parallel', parallel_workers=8, event_handlers=None, ignore_user_meta=False, metas=['./colcon.meta'], base_paths=['.'], packages_ignore=None, packages_ignore_regex=None, paths=None, packages_up_to=None, packages_up_to_regex=None, packages_above=None, packages_above_and_dependencies=None, packages_above_depth=None, packages_select_by_dep=None, packages_skip_by_dep=None, packages_skip_up_to=None, packages_select_build_failed=False, packages_skip_build_finished=False, packages_select_test_failures=False, packages_skip_test_passed=False, packages_select=None, packages_skip=None, packages_select_regex=None, packages_skip_regex=None, packages_start=None, packages_end=None, allow_overriding=[], cmake_args=None, cmake_target=None, cmake_target_skip_unavailable=False, cmake_clean_cache=False, cmake_clean_first=False, cmake_force_configure=False, ament_cmake_args=None, catkin_cmake_args=None, catkin_skip_building_tests=False, verb_parser=<colcon_defaults.argument_parser.defaults.DefaultArgumentsDecorator object at 0x7f4d403930a0>, verb_extension=<colcon_core.verb.build.BuildVerb object at 0x7f4d40391fc0>, main=<bound method BuildVerb.main of <colcon_core.verb.build.BuildVerb object at 0x7f4d40391fc0>>)
[3.588s] Level 1:colcon.colcon_core.package_discovery:discover_packages(colcon_meta) check parameters
[3.588s] Level 1:colcon.colcon_core.package_discovery:discover_packages(recursive) check parameters
[3.588s] Level 1:colcon.colcon_core.package_discovery:discover_packages(ignore) check parameters
[3.589s] Level 1:colcon.colcon_core.package_discovery:discover_packages(path) check parameters
[3.589s] Level 1:colcon.colcon_core.package_discovery:discover_packages(colcon_meta) discover
[3.589s] Level 1:colcon.colcon_core.package_discovery:discover_packages(recursive) discover
[3.589s] INFO:colcon.colcon_core.package_discovery:Crawling recursively for packages in '/home/luky/mavros_ros2_ws/src/gz_pose_plugin'
[3.589s] Level 1:colcon.colcon_core.package_identification:_identify(.) by extensions ['ignore', 'ignore_ament_install']
[3.590s] Level 1:colcon.colcon_core.package_identification:_identify(.) by extension 'ignore'
[3.590s] Level 1:colcon.colcon_core.package_identification:_identify(.) by extension 'ignore_ament_install'
[3.590s] Level 1:colcon.colcon_core.package_identification:_identify(.) by extensions ['colcon_pkg']
[3.590s] Level 1:colcon.colcon_core.package_identification:_identify(.) by extension 'colcon_pkg'
[3.590s] Level 1:colcon.colcon_core.package_identification:_identify(.) by extensions ['colcon_meta']
[3.590s] Level 1:colcon.colcon_core.package_identification:_identify(.) by extension 'colcon_meta'
[3.590s] Level 1:colcon.colcon_core.package_identification:_identify(.) by extensions ['ros']
[3.590s] Level 1:colcon.colcon_core.package_identification:_identify(.) by extension 'ros'
[3.629s] Level 1:colcon.colcon_core.package_identification:_identify(.) by extensions ['cmake', 'python']
[3.629s] Level 1:colcon.colcon_core.package_identification:_identify(.) by extension 'cmake'
[3.637s] Level 1:colcon.colcon_core.package_identification:_identify(.) by extension 'python'
[3.638s] DEBUG:colcon.colcon_core.package_identification:Package '.' with type 'cmake' and name 'gz_pose_plugin'
[3.638s] Level 1:colcon.colcon_core.package_discovery:discover_packages(recursive) using defaults
[3.638s] Level 1:colcon.colcon_core.package_discovery:discover_packages(ignore) discover
[3.638s] Level 1:colcon.colcon_core.package_discovery:discover_packages(ignore) using defaults
[3.638s] Level 1:colcon.colcon_core.package_discovery:discover_packages(path) discover
[3.638s] Level 1:colcon.colcon_core.package_discovery:discover_packages(path) using defaults
[3.980s] Level 1:colcon.colcon_core.package_discovery:discover_packages(prefix_path) check parameters
[3.980s] Level 1:colcon.colcon_core.package_discovery:discover_packages(prefix_path) discover
[4.100s] DEBUG:colcon.colcon_installed_package_information.package_discovery:Found 9 installed packages in /home/luky/mavros_ros2_ws/install
[4.156s] DEBUG:colcon.colcon_installed_package_information.package_discovery:Found 1 installed packages in /home/luky/ros2_ws/install
[4.211s] DEBUG:colcon.colcon_installed_package_information.package_discovery:Found 300 installed packages in /opt/ros/humble
[4.215s] Level 1:colcon.colcon_core.package_discovery:discover_packages(prefix_path) using defaults
[4.482s] Level 5:colcon.colcon_core.verb:set package 'gz_pose_plugin' build argument 'cmake_args' from command line to 'None'
[4.482s] Level 5:colcon.colcon_core.verb:set package 'gz_pose_plugin' build argument 'cmake_target' from command line to 'None'
[4.482s] Level 5:colcon.colcon_core.verb:set package 'gz_pose_plugin' build argument 'cmake_target_skip_unavailable' from command line to 'False'
[4.482s] Level 5:colcon.colcon_core.verb:set package 'gz_pose_plugin' build argument 'cmake_clean_cache' from command line to 'False'
[4.482s] Level 5:colcon.colcon_core.verb:set package 'gz_pose_plugin' build argument 'cmake_clean_first' from command line to 'False'
[4.482s] Level 5:colcon.colcon_core.verb:set package 'gz_pose_plugin' build argument 'cmake_force_configure' from command line to 'False'
[4.482s] Level 5:colcon.colcon_core.verb:set package 'gz_pose_plugin' build argument 'ament_cmake_args' from command line to 'None'
[4.482s] Level 5:colcon.colcon_core.verb:set package 'gz_pose_plugin' build argument 'catkin_cmake_args' from command line to 'None'
[4.483s] Level 5:colcon.colcon_core.verb:set package 'gz_pose_plugin' build argument 'catkin_skip_building_tests' from command line to 'False'
[4.483s] DEBUG:colcon.colcon_core.verb:Building package 'gz_pose_plugin' with the following arguments: {'ament_cmake_args': None, 'build_base': '/home/luky/mavros_ros2_ws/src/gz_pose_plugin/build/gz_pose_plugin', 'catkin_cmake_args': None, 'catkin_skip_building_tests': False, 'cmake_args': None, 'cmake_clean_cache': False, 'cmake_clean_first': False, 'cmake_force_configure': False, 'cmake_target': None, 'cmake_target_skip_unavailable': False, 'install_base': '/home/luky/mavros_ros2_ws/src/gz_pose_plugin/install/gz_pose_plugin', 'merge_install': False, 'path': '/home/luky/mavros_ros2_ws/src/gz_pose_plugin', 'symlink_install': False, 'test_result_base': None}
[4.536s] INFO:colcon.colcon_core.executor:Executing jobs using 'parallel' executor
[4.588s] DEBUG:colcon.colcon_parallel_executor.executor.parallel:run_until_complete
[4.589s] INFO:colcon.colcon_cmake.task.cmake.build:Building CMake package in '/home/luky/mavros_ros2_ws/src/gz_pose_plugin'
[4.646s] INFO:colcon.colcon_core.plugin_system:Skipping extension 'colcon_core.shell.bat': Not used on non-Windows systems
[4.646s] INFO:colcon.colcon_core.shell:Skip shell extension 'powershell' for command environment: Not usable outside of PowerShell
[4.646s] DEBUG:colcon.colcon_core.shell:Skip shell extension 'dsv' for command environment
[4.901s] DEBUG:colcon.colcon_core.event_handler.log_command:Invoking command in '/home/luky/mavros_ros2_ws/src/gz_pose_plugin/build/gz_pose_plugin': /home/luky/.local/bin/cmake /home/luky/mavros_ros2_ws/src/gz_pose_plugin -DCMAKE_INSTALL_PREFIX=/home/luky/mavros_ros2_ws/src/gz_pose_plugin/install/gz_pose_plugin
[7.068s] DEBUG:colcon.colcon_core.event_handler.log_command:Invoked command in '/home/luky/mavros_ros2_ws/src/gz_pose_plugin/build/gz_pose_plugin' returned '1': /home/luky/.local/bin/cmake /home/luky/mavros_ros2_ws/src/gz_pose_plugin -DCMAKE_INSTALL_PREFIX=/home/luky/mavros_ros2_ws/src/gz_pose_plugin/install/gz_pose_plugin
[7.078s] DEBUG:colcon.colcon_parallel_executor.executor.parallel:closing loop
[7.078s] DEBUG:colcon.colcon_parallel_executor.executor.parallel:loop closed
[7.079s] DEBUG:colcon.colcon_parallel_executor.executor.parallel:run_until_complete finished with '1'
[7.079s] DEBUG:colcon.colcon_core.event_reactor:joining thread
[7.147s] INFO:colcon.colcon_core.plugin_system:Skipping extension 'colcon_notification.desktop_notification.terminal_notifier': Not used on non-Darwin systems
[7.148s] INFO:colcon.colcon_core.plugin_system:Skipping extension 'colcon_notification.desktop_notification.win32': Not used on non-Windows systems
[7.148s] INFO:colcon.colcon_notification.desktop_notification:Sending desktop notification using 'notify2'
[7.175s] DEBUG:colcon.colcon_core.event_reactor:joined thread
[7.235s] INFO:colcon.colcon_core.shell:Creating prefix script '/home/luky/mavros_ros2_ws/src/gz_pose_plugin/install/local_setup.ps1'
[7.238s] INFO:colcon.colcon_core.shell:Creating prefix util module '/home/luky/mavros_ros2_ws/src/gz_pose_plugin/install/_local_setup_util_ps1.py'
[7.241s] INFO:colcon.colcon_core.shell:Creating prefix chain script '/home/luky/mavros_ros2_ws/src/gz_pose_plugin/install/setup.ps1'
[7.305s] INFO:colcon.colcon_core.shell:Creating prefix script '/home/luky/mavros_ros2_ws/src/gz_pose_plugin/install/local_setup.sh'
[7.307s] INFO:colcon.colcon_core.shell:Creating prefix util module '/home/luky/mavros_ros2_ws/src/gz_pose_plugin/install/_local_setup_util_sh.py'
[7.308s] INFO:colcon.colcon_core.shell:Creating prefix chain script '/home/luky/mavros_ros2_ws/src/gz_pose_plugin/install/setup.sh'
[7.372s] INFO:colcon.colcon_core.shell:Creating prefix script '/home/luky/mavros_ros2_ws/src/gz_pose_plugin/install/local_setup.bash'
[7.374s] INFO:colcon.colcon_core.shell:Creating prefix chain script '/home/luky/mavros_ros2_ws/src/gz_pose_plugin/install/setup.bash'
[7.434s] INFO:colcon.colcon_core.shell:Creating prefix script '/home/luky/mavros_ros2_ws/src/gz_pose_plugin/install/local_setup.zsh'
[7.436s] INFO:colcon.colcon_core.shell:Creating prefix chain script '/home/luky/mavros_ros2_ws/src/gz_pose_plugin/install/setup.zsh'
