[0.306s] Invoking command in '/home/luky/mavros_ros2_ws/src/gz_pose_plugin/build/gz_pose_plugin': /home/luky/.local/bin/cmake /home/luky/mavros_ros2_ws/src/gz_pose_plugin -DCMAKE_INSTALL_PREFIX=/home/luky/mavros_ros2_ws/src/gz_pose_plugin/install/gz_pose_plugin
[0.394s] -- Found ament_cmake: 1.3.5 (/opt/ros/humble/share/ament_cmake/cmake)
[0.737s] -- Found rclcpp: 16.0.6 (/opt/ros/humble/share/rclcpp/cmake)
[0.850s] -- Found rosidl_generator_c: 3.1.5 (/opt/ros/humble/share/rosidl_generator_c/cmake)
[0.860s] -- Found rosidl_adapter: 3.1.5 (/opt/ros/humble/share/rosidl_adapter/cmake)
[0.881s] -- Found rosidl_generator_cpp: 3.1.5 (/opt/ros/humble/share/rosidl_generator_cpp/cmake)
[0.926s] -- Using all available rosidl_typesupport_c: rosidl_typesupport_fastrtps_c;rosidl_typesupport_introspection_c
[0.989s] -- Using all available rosidl_typesupport_cpp: rosidl_typesupport_fastrtps_cpp;rosidl_typesupport_introspection_cpp
[1.184s] -- Found rmw_implementation_cmake: 6.1.1 (/opt/ros/humble/share/rmw_implementation_cmake/cmake)
[1.188s] -- Found rmw_fastrtps_cpp: 6.2.4 (/opt/ros/humble/share/rmw_fastrtps_cpp/cmake)
[1.568s] -- Using RMW implementation 'rmw_fastrtps_cpp' as default
[2.067s] -- Found geometry_msgs: 4.2.3 (/opt/ros/humble/share/geometry_msgs/cmake)
[2.223s] [31mCMake Error at CMakeLists.txt:7 (find_package):
[2.223s]   By not providing "Findgazebo.cmake" in CMAKE_MODULE_PATH this project has
[2.223s]   asked CMake to find a package configuration file provided by "gazebo", but
[2.223s]   CMake did not find one.
[2.223s] 
[2.224s]   Could not find a package configuration file provided by "gazebo" with any
[2.224s]   of the following names:
[2.224s] 
[2.224s]     gazeboConfig.cmake
[2.224s]     gazebo-config.cmake
[2.224s] 
[2.224s]   Add the installation prefix of "gazebo" to CMAKE_PREFIX_PATH or set
[2.225s]   "gazebo_DIR" to a directory containing one of the above files.  If "gazebo"
[2.225s]   provides a separate development package or SDK, be sure it has been
[2.225s]   installed.
[2.225s] 
[2.225s] [0m
[2.225s] -- Configuring incomplete, errors occurred!
[2.249s] Invoked command in '/home/luky/mavros_ros2_ws/src/gz_pose_plugin/build/gz_pose_plugin' returned '1': /home/luky/.local/bin/cmake /home/luky/mavros_ros2_ws/src/gz_pose_plugin -DCMAKE_INSTALL_PREFIX=/home/luky/mavros_ros2_ws/src/gz_pose_plugin/install/gz_pose_plugin
