[0.017s] Invoking command in '/home/luky/mavros_ros2_ws/src/build/move_forward': CMAKE_PREFIX_PATH=${CMAKE_PREFIX_PATH}:/home/luky/ros2_ws/install/my_robot_controller:/opt/ros/humble /home/luky/.local/bin/cmake /home/luky/mavros_ros2_ws/src/move_forward -DCMAKE_INSTALL_PREFIX=/home/luky/mavros_ros2_ws/src/install/move_forward
[0.080s] -- The C compiler identification is GNU 11.4.0
[0.135s] -- The CXX compiler identification is GNU 11.4.0
[0.144s] -- Detecting C compiler ABI info
[0.184s] -- Detecting C compiler ABI info - done
[0.193s] -- Check for working C compiler: /usr/bin/cc - skipped
[0.193s] -- Detecting C compile features
[0.193s] -- Detecting C compile features - done
[0.196s] -- Detecting CXX compiler ABI info
[0.246s] -- Detecting CXX compiler ABI info - done
[0.259s] -- Check for working CXX compiler: /usr/bin/c++ - skipped
[0.259s] -- Detecting CXX compile features
[0.260s] -- Detecting CXX compile features - done
[0.263s] -- Found ament_cmake: 1.3.5 (/opt/ros/humble/share/ament_cmake/cmake)
[0.956s] -- Found Python3: /usr/bin/python3.10 (found version "3.10.12") found components: Interpreter 
[1.032s] -- Found px4_msgs: 2.0.1 (/home/luky/mavros_ros2_ws/install/px4_msgs/share/px4_msgs/cmake)
[1.069s] -- Found rosidl_generator_c: 3.1.5 (/opt/ros/humble/share/rosidl_generator_c/cmake)
[1.075s] -- Found rosidl_adapter: 3.1.5 (/opt/ros/humble/share/rosidl_adapter/cmake)
[1.086s] -- Found rosidl_generator_cpp: 3.1.5 (/opt/ros/humble/share/rosidl_generator_cpp/cmake)
[1.104s] -- Using all available rosidl_typesupport_c: rosidl_typesupport_fastrtps_c;rosidl_typesupport_introspection_c
[1.125s] -- Using all available rosidl_typesupport_cpp: rosidl_typesupport_fastrtps_cpp;rosidl_typesupport_introspection_cpp
[1.195s] [31mCMake Error at /opt/ros/humble/share/ament_cmake_target_dependencies/cmake/ament_target_dependencies.cmake:77 (message):
[1.195s]   ament_target_dependencies() the passed package name 'rclcpp' was not found
[1.195s]   before
[1.195s] Call Stack (most recent call first):
[1.195s]   CMakeLists.txt:14 (ament_target_dependencies)
[1.195s] 
[1.195s] [0m
[1.195s] -- Configuring incomplete, errors occurred!
[1.203s] Invoked command in '/home/luky/mavros_ros2_ws/src/build/move_forward' returned '1': CMAKE_PREFIX_PATH=${CMAKE_PREFIX_PATH}:/home/luky/ros2_ws/install/my_robot_controller:/opt/ros/humble /home/luky/.local/bin/cmake /home/luky/mavros_ros2_ws/src/move_forward -DCMAKE_INSTALL_PREFIX=/home/luky/mavros_ros2_ws/src/install/move_forward
